{"D:\\vs-code\\rsschool\\rsschool-react\\src\\main.tsx": {"path":"D:\\vs-code\\rsschool\\rsschool-react\\src\\main.tsx","all":true,"statementMap":{"0":{"start":{"line":1,"column":0},"end":{"line":1,"column":26}},"1":{"start":{"line":2,"column":0},"end":{"line":2,"column":40}},"2":{"start":{"line":3,"column":0},"end":{"line":3,"column":21}},"3":{"start":{"line":4,"column":0},"end":{"line":4,"column":50}},"4":{"start":{"line":5,"column":0},"end":{"line":5,"column":41}},"5":{"start":{"line":6,"column":0},"end":{"line":6,"column":69}},"6":{"start":{"line":7,"column":0},"end":{"line":7,"column":39}},"7":{"start":{"line":8,"column":0},"end":{"line":8,"column":38}},"8":{"start":{"line":9,"column":0},"end":{"line":9,"column":75}},"10":{"start":{"line":11,"column":0},"end":{"line":11,"column":61}},"11":{"start":{"line":12,"column":0},"end":{"line":12,"column":20}},"12":{"start":{"line":13,"column":0},"end":{"line":13,"column":19}},"13":{"start":{"line":14,"column":0},"end":{"line":14,"column":30}},"14":{"start":{"line":15,"column":0},"end":{"line":15,"column":23}},"15":{"start":{"line":16,"column":0},"end":{"line":16,"column":44}},"16":{"start":{"line":17,"column":0},"end":{"line":17,"column":24}},"17":{"start":{"line":18,"column":0},"end":{"line":18,"column":17}},"18":{"start":{"line":19,"column":0},"end":{"line":19,"column":20}},"19":{"start":{"line":20,"column":0},"end":{"line":20,"column":21}},"20":{"start":{"line":21,"column":0},"end":{"line":21,"column":2}}},"s":{"0":0,"1":0,"2":0,"3":0,"4":0,"5":0,"6":0,"7":0,"8":0,"10":0,"11":0,"12":0,"13":0,"14":0,"15":0,"16":0,"17":0,"18":0,"19":0,"20":0},"branchMap":{"0":{"type":"branch","line":1,"loc":{"start":{"line":1,"column":700},"end":{"line":21,"column":2}},"locations":[{"start":{"line":1,"column":700},"end":{"line":21,"column":2}}]}},"b":{"0":[0]},"fnMap":{"0":{"name":"(empty-report)","decl":{"start":{"line":1,"column":700},"end":{"line":21,"column":2}},"loc":{"start":{"line":1,"column":700},"end":{"line":21,"column":2}},"line":1}},"f":{"0":0}}
,"D:\\vs-code\\rsschool\\rsschool-react\\src\\assets\\data\\dataArrays.ts": {"path":"D:\\vs-code\\rsschool\\rsschool-react\\src\\assets\\data\\dataArrays.ts","all":false,"statementMap":{"8":{"start":{"line":9,"column":0},"end":{"line":9,"column":56}},"9":{"start":{"line":10,"column":0},"end":{"line":10,"column":57}},"10":{"start":{"line":11,"column":0},"end":{"line":11,"column":53}},"11":{"start":{"line":12,"column":0},"end":{"line":12,"column":70}},"12":{"start":{"line":13,"column":0},"end":{"line":13,"column":70}},"13":{"start":{"line":14,"column":0},"end":{"line":14,"column":68}},"14":{"start":{"line":15,"column":0},"end":{"line":15,"column":70}},"15":{"start":{"line":16,"column":0},"end":{"line":16,"column":62}},"16":{"start":{"line":17,"column":0},"end":{"line":17,"column":2}}},"s":{"8":1,"9":1,"10":1,"11":1,"12":1,"13":1,"14":1,"15":1,"16":1},"branchMap":{},"b":{},"fnMap":{},"f":{}}
,"D:\\vs-code\\rsschool\\rsschool-react\\src\\components\\app\\App.tsx": {"path":"D:\\vs-code\\rsschool\\rsschool-react\\src\\components\\app\\App.tsx","all":true,"statementMap":{"0":{"start":{"line":1,"column":0},"end":{"line":1,"column":26}},"1":{"start":{"line":2,"column":0},"end":{"line":2,"column":50}},"2":{"start":{"line":3,"column":0},"end":{"line":3,"column":63}},"3":{"start":{"line":4,"column":0},"end":{"line":4,"column":42}},"5":{"start":{"line":6,"column":0},"end":{"line":6,"column":63}},"6":{"start":{"line":7,"column":0},"end":{"line":7,"column":50}},"7":{"start":{"line":8,"column":0},"end":{"line":8,"column":63}},"8":{"start":{"line":9,"column":0},"end":{"line":9,"column":70}},"10":{"start":{"line":11,"column":0},"end":{"line":11,"column":48}},"11":{"start":{"line":12,"column":0},"end":{"line":12,"column":78}},"12":{"start":{"line":13,"column":0},"end":{"line":13,"column":44}},"14":{"start":{"line":15,"column":0},"end":{"line":15,"column":10}},"15":{"start":{"line":16,"column":0},"end":{"line":16,"column":6}},"16":{"start":{"line":17,"column":0},"end":{"line":17,"column":13}},"17":{"start":{"line":18,"column":0},"end":{"line":18,"column":30}},"18":{"start":{"line":19,"column":0},"end":{"line":19,"column":29}},"19":{"start":{"line":20,"column":0},"end":{"line":20,"column":58}},"20":{"start":{"line":21,"column":0},"end":{"line":21,"column":8}},"21":{"start":{"line":22,"column":0},"end":{"line":22,"column":37}},"22":{"start":{"line":23,"column":0},"end":{"line":23,"column":20}},"23":{"start":{"line":24,"column":0},"end":{"line":24,"column":23}},"24":{"start":{"line":25,"column":0},"end":{"line":25,"column":7}},"26":{"start":{"line":27,"column":0},"end":{"line":27,"column":2}},"28":{"start":{"line":29,"column":0},"end":{"line":29,"column":19}}},"s":{"0":0,"1":0,"2":0,"3":0,"5":0,"6":0,"7":0,"8":0,"10":0,"11":0,"12":0,"14":0,"15":0,"16":0,"17":0,"18":0,"19":0,"20":0,"21":0,"22":0,"23":0,"24":0,"26":0,"28":0},"branchMap":{"0":{"type":"branch","line":1,"loc":{"start":{"line":1,"column":933},"end":{"line":29,"column":19}},"locations":[{"start":{"line":1,"column":933},"end":{"line":29,"column":19}}]}},"b":{"0":[0]},"fnMap":{"0":{"name":"(empty-report)","decl":{"start":{"line":1,"column":933},"end":{"line":29,"column":19}},"loc":{"start":{"line":1,"column":933},"end":{"line":29,"column":19}},"line":1}},"f":{"0":0}}
,"D:\\vs-code\\rsschool\\rsschool-react\\src\\components\\characterCard\\CharacterCard.tsx": {"path":"D:\\vs-code\\rsschool\\rsschool-react\\src\\components\\characterCard\\CharacterCard.tsx","all":false,"statementMap":{"0":{"start":{"line":1,"column":0},"end":{"line":1,"column":26}},"2":{"start":{"line":3,"column":0},"end":{"line":3,"column":65}},"3":{"start":{"line":4,"column":0},"end":{"line":4,"column":50}},"4":{"start":{"line":5,"column":0},"end":{"line":5,"column":70}},"6":{"start":{"line":7,"column":0},"end":{"line":7,"column":55}},"7":{"start":{"line":8,"column":0},"end":{"line":8,"column":12}},"8":{"start":{"line":9,"column":0},"end":{"line":9,"column":26}},"9":{"start":{"line":10,"column":0},"end":{"line":10,"column":33}},"11":{"start":{"line":12,"column":0},"end":{"line":12,"column":10}},"12":{"start":{"line":13,"column":0},"end":{"line":13,"column":12}},"13":{"start":{"line":14,"column":0},"end":{"line":14,"column":80}},"15":{"start":{"line":16,"column":0},"end":{"line":16,"column":40}},"16":{"start":{"line":17,"column":0},"end":{"line":17,"column":36}},"17":{"start":{"line":18,"column":0},"end":{"line":18,"column":56}},"18":{"start":{"line":19,"column":0},"end":{"line":19,"column":42}},"19":{"start":{"line":20,"column":0},"end":{"line":20,"column":30}},"20":{"start":{"line":21,"column":0},"end":{"line":21,"column":37}},"21":{"start":{"line":22,"column":0},"end":{"line":22,"column":18}},"22":{"start":{"line":23,"column":0},"end":{"line":23,"column":80}},"23":{"start":{"line":24,"column":0},"end":{"line":24,"column":19}},"24":{"start":{"line":25,"column":0},"end":{"line":25,"column":14}},"25":{"start":{"line":26,"column":0},"end":{"line":26,"column":11}},"26":{"start":{"line":27,"column":0},"end":{"line":27,"column":12}},"27":{"start":{"line":28,"column":0},"end":{"line":28,"column":14}},"29":{"start":{"line":30,"column":0},"end":{"line":30,"column":2}},"31":{"start":{"line":32,"column":0},"end":{"line":32,"column":29}}},"s":{"0":1,"2":1,"3":1,"4":1,"6":1,"7":6,"8":6,"9":6,"11":6,"12":6,"13":6,"15":6,"16":6,"17":6,"18":6,"19":42,"20":42,"21":42,"22":42,"23":42,"24":42,"25":6,"26":6,"27":6,"29":6,"31":1},"branchMap":{"0":{"type":"branch","line":7,"loc":{"start":{"line":7,"column":53},"end":{"line":30,"column":2}},"locations":[{"start":{"line":7,"column":53},"end":{"line":30,"column":2}}]},"1":{"type":"branch","line":14,"loc":{"start":{"line":14,"column":58},"end":{"line":14,"column":75}},"locations":[{"start":{"line":14,"column":58},"end":{"line":14,"column":75}}]},"2":{"type":"branch","line":14,"loc":{"start":{"line":14,"column":65},"end":{"line":14,"column":77}},"locations":[{"start":{"line":14,"column":65},"end":{"line":14,"column":77}}]},"3":{"type":"branch","line":19,"loc":{"start":{"line":19,"column":31},"end":{"line":25,"column":14}},"locations":[{"start":{"line":19,"column":31},"end":{"line":25,"column":14}}]},"4":{"type":"branch","line":23,"loc":{"start":{"line":23,"column":44},"end":{"line":23,"column":77}},"locations":[{"start":{"line":23,"column":44},"end":{"line":23,"column":77}}]},"5":{"type":"branch","line":23,"loc":{"start":{"line":23,"column":63},"end":{"line":23,"column":80}},"locations":[{"start":{"line":23,"column":63},"end":{"line":23,"column":80}}]}},"b":{"0":[6],"1":[2],"2":[4],"3":[42],"4":[12],"5":[30]},"fnMap":{"0":{"name":"CharacterCard","decl":{"start":{"line":7,"column":53},"end":{"line":30,"column":2}},"loc":{"start":{"line":7,"column":53},"end":{"line":30,"column":2}},"line":7}},"f":{"0":6}}
,"D:\\vs-code\\rsschool\\rsschool-react\\src\\components\\detailedSection\\DetailedSection.tsx": {"path":"D:\\vs-code\\rsschool\\rsschool-react\\src\\components\\detailedSection\\DetailedSection.tsx","all":false,"statementMap":{"0":{"start":{"line":1,"column":0},"end":{"line":1,"column":26}},"1":{"start":{"line":2,"column":0},"end":{"line":2,"column":64}},"2":{"start":{"line":3,"column":0},"end":{"line":3,"column":79}},"3":{"start":{"line":4,"column":0},"end":{"line":4,"column":54}},"4":{"start":{"line":5,"column":0},"end":{"line":5,"column":56}},"5":{"start":{"line":6,"column":0},"end":{"line":6,"column":59}},"7":{"start":{"line":8,"column":0},"end":{"line":8,"column":64}},"8":{"start":{"line":9,"column":0},"end":{"line":9,"column":33}},"9":{"start":{"line":10,"column":0},"end":{"line":10,"column":43}},"10":{"start":{"line":11,"column":0},"end":{"line":11,"column":18}},"11":{"start":{"line":12,"column":0},"end":{"line":12,"column":42}},"12":{"start":{"line":13,"column":0},"end":{"line":13,"column":37}},"13":{"start":{"line":14,"column":0},"end":{"line":14,"column":4}},"15":{"start":{"line":16,"column":0},"end":{"line":16,"column":9}},"16":{"start":{"line":17,"column":0},"end":{"line":17,"column":20}},"17":{"start":{"line":18,"column":0},"end":{"line":18,"column":14}},"18":{"start":{"line":19,"column":0},"end":{"line":19,"column":15}},"19":{"start":{"line":20,"column":0},"end":{"line":20,"column":12}},"20":{"start":{"line":21,"column":0},"end":{"line":21,"column":10}},"21":{"start":{"line":22,"column":0},"end":{"line":22,"column":32}},"22":{"start":{"line":23,"column":0},"end":{"line":23,"column":18}},"23":{"start":{"line":24,"column":0},"end":{"line":24,"column":5}},"25":{"start":{"line":26,"column":0},"end":{"line":26,"column":29}},"26":{"start":{"line":27,"column":0},"end":{"line":27,"column":38}},"27":{"start":{"line":28,"column":0},"end":{"line":28,"column":4}},"29":{"start":{"line":30,"column":0},"end":{"line":30,"column":36}},"31":{"start":{"line":32,"column":0},"end":{"line":32,"column":16}},"32":{"start":{"line":33,"column":0},"end":{"line":33,"column":47}},"33":{"start":{"line":34,"column":0},"end":{"line":34,"column":3}},"35":{"start":{"line":36,"column":0},"end":{"line":36,"column":73}},"36":{"start":{"line":37,"column":0},"end":{"line":37,"column":2}}},"s":{"0":1,"1":1,"2":1,"3":1,"4":1,"5":1,"7":1,"8":4,"9":4,"10":4,"11":4,"12":4,"13":4,"15":4,"16":4,"17":4,"18":4,"19":4,"20":4,"21":4,"22":4,"23":4,"25":4,"26":1,"27":1,"29":4,"31":4,"32":1,"33":1,"35":3,"36":3},"branchMap":{"0":{"type":"branch","line":8,"loc":{"start":{"line":8,"column":38},"end":{"line":37,"column":2}},"locations":[{"start":{"line":8,"column":38},"end":{"line":37,"column":2}}]},"1":{"type":"branch","line":12,"loc":{"start":{"line":12,"column":33},"end":{"line":12,"column":42}},"locations":[{"start":{"line":12,"column":33},"end":{"line":12,"column":42}}]},"2":{"type":"branch","line":32,"loc":{"start":{"line":32,"column":15},"end":{"line":34,"column":3}},"locations":[{"start":{"line":32,"column":15},"end":{"line":34,"column":3}}]},"3":{"type":"branch","line":34,"loc":{"start":{"line":34,"column":2},"end":{"line":37,"column":2}},"locations":[{"start":{"line":34,"column":2},"end":{"line":37,"column":2}}]},"4":{"type":"branch","line":26,"loc":{"start":{"line":26,"column":22},"end":{"line":28,"column":4}},"locations":[{"start":{"line":26,"column":22},"end":{"line":28,"column":4}}]}},"b":{"0":[4],"1":[0],"2":[1],"3":[3],"4":[1]},"fnMap":{"0":{"name":"DetailedView","decl":{"start":{"line":8,"column":38},"end":{"line":37,"column":2}},"loc":{"start":{"line":8,"column":38},"end":{"line":37,"column":2}},"line":8},"1":{"name":"handleClose","decl":{"start":{"line":26,"column":22},"end":{"line":28,"column":4}},"loc":{"start":{"line":26,"column":22},"end":{"line":28,"column":4}},"line":26}},"f":{"0":4,"1":1}}
,"D:\\vs-code\\rsschool\\rsschool-react\\src\\components\\detailedSection\\cardWrapper\\CardWrapper.tsx": {"path":"D:\\vs-code\\rsschool\\rsschool-react\\src\\components\\detailedSection\\cardWrapper\\CardWrapper.tsx","all":false,"statementMap":{"0":{"start":{"line":1,"column":0},"end":{"line":1,"column":26}},"1":{"start":{"line":2,"column":0},"end":{"line":2,"column":62}},"2":{"start":{"line":3,"column":0},"end":{"line":3,"column":66}},"10":{"start":{"line":11,"column":0},"end":{"line":11,"column":53}},"11":{"start":{"line":12,"column":0},"end":{"line":12,"column":12}},"12":{"start":{"line":13,"column":0},"end":{"line":13,"column":14}},"13":{"start":{"line":14,"column":0},"end":{"line":14,"column":26}},"14":{"start":{"line":15,"column":0},"end":{"line":15,"column":40}},"15":{"start":{"line":16,"column":0},"end":{"line":16,"column":18}},"16":{"start":{"line":17,"column":0},"end":{"line":17,"column":45}},"18":{"start":{"line":19,"column":0},"end":{"line":19,"column":32}},"20":{"start":{"line":21,"column":0},"end":{"line":21,"column":54}},"21":{"start":{"line":22,"column":0},"end":{"line":22,"column":12}}},"s":{"0":1,"1":1,"2":1,"10":1,"11":6,"12":6,"13":6,"14":6,"15":6,"16":4,"18":2,"20":6,"21":6},"branchMap":{"0":{"type":"branch","line":11,"loc":{"start":{"line":11,"column":51},"end":{"line":22,"column":12}},"locations":[{"start":{"line":11,"column":51},"end":{"line":22,"column":12}}]},"1":{"type":"branch","line":16,"loc":{"start":{"line":16,"column":5},"end":{"line":17,"column":45}},"locations":[{"start":{"line":16,"column":5},"end":{"line":17,"column":45}}]},"2":{"type":"branch","line":17,"loc":{"start":{"line":17,"column":43},"end":{"line":19,"column":32}},"locations":[{"start":{"line":17,"column":43},"end":{"line":19,"column":32}}]}},"b":{"0":[6],"1":[4],"2":[2]},"fnMap":{"0":{"name":"CardWrapper","decl":{"start":{"line":11,"column":51},"end":{"line":22,"column":12}},"loc":{"start":{"line":11,"column":51},"end":{"line":22,"column":12}},"line":11}},"f":{"0":6}}
,"D:\\vs-code\\rsschool\\rsschool-react\\src\\components\\errorBoundary\\ErrorBoundary.tsx": {"path":"D:\\vs-code\\rsschool\\rsschool-react\\src\\components\\errorBoundary\\ErrorBoundary.tsx","all":false,"statementMap":{"0":{"start":{"line":1,"column":0},"end":{"line":1,"column":41}},"3":{"start":{"line":4,"column":0},"end":{"line":4,"column":79}},"4":{"start":{"line":5,"column":0},"end":{"line":5,"column":31}},"5":{"start":{"line":6,"column":0},"end":{"line":6,"column":20}},"6":{"start":{"line":7,"column":0},"end":{"line":7,"column":16}},"7":{"start":{"line":8,"column":0},"end":{"line":8,"column":20}},"8":{"start":{"line":9,"column":0},"end":{"line":9,"column":4}},"10":{"start":{"line":11,"column":0},"end":{"line":11,"column":63}},"11":{"start":{"line":12,"column":0},"end":{"line":12,"column":19}},"12":{"start":{"line":13,"column":0},"end":{"line":13,"column":21}},"13":{"start":{"line":14,"column":0},"end":{"line":14,"column":19}},"14":{"start":{"line":15,"column":0},"end":{"line":15,"column":27}},"15":{"start":{"line":16,"column":0},"end":{"line":16,"column":7}},"16":{"start":{"line":17,"column":0},"end":{"line":17,"column":70}},"17":{"start":{"line":18,"column":0},"end":{"line":18,"column":3}},"19":{"start":{"line":20,"column":0},"end":{"line":20,"column":37}},"20":{"start":{"line":21,"column":0},"end":{"line":21,"column":30}},"21":{"start":{"line":22,"column":0},"end":{"line":22,"column":3}},"23":{"start":{"line":24,"column":0},"end":{"line":24,"column":28}},"24":{"start":{"line":25,"column":0},"end":{"line":25,"column":18}},"25":{"start":{"line":26,"column":0},"end":{"line":26,"column":73}},"26":{"start":{"line":27,"column":0},"end":{"line":27,"column":27}},"27":{"start":{"line":28,"column":0},"end":{"line":28,"column":21}},"28":{"start":{"line":29,"column":0},"end":{"line":29,"column":23}},"29":{"start":{"line":30,"column":0},"end":{"line":30,"column":21}},"30":{"start":{"line":31,"column":0},"end":{"line":31,"column":9}},"31":{"start":{"line":32,"column":0},"end":{"line":32,"column":7}},"32":{"start":{"line":33,"column":0},"end":{"line":33,"column":4}},"34":{"start":{"line":35,"column":0},"end":{"line":35,"column":12}},"35":{"start":{"line":36,"column":0},"end":{"line":36,"column":30}},"36":{"start":{"line":37,"column":0},"end":{"line":37,"column":14}},"37":{"start":{"line":38,"column":0},"end":{"line":38,"column":40}},"38":{"start":{"line":39,"column":0},"end":{"line":39,"column":40}},"39":{"start":{"line":40,"column":0},"end":{"line":40,"column":59}},"40":{"start":{"line":41,"column":0},"end":{"line":41,"column":71}},"41":{"start":{"line":42,"column":0},"end":{"line":42,"column":22}},"42":{"start":{"line":43,"column":0},"end":{"line":43,"column":64}},"43":{"start":{"line":44,"column":0},"end":{"line":44,"column":14}},"44":{"start":{"line":45,"column":0},"end":{"line":45,"column":14}},"46":{"start":{"line":47,"column":0},"end":{"line":47,"column":5}},"48":{"start":{"line":49,"column":0},"end":{"line":49,"column":12}},"49":{"start":{"line":50,"column":0},"end":{"line":50,"column":38}},"50":{"start":{"line":51,"column":0},"end":{"line":51,"column":15}},"51":{"start":{"line":52,"column":0},"end":{"line":52,"column":44}},"52":{"start":{"line":53,"column":0},"end":{"line":53,"column":41}},"53":{"start":{"line":54,"column":0},"end":{"line":54,"column":9}},"55":{"start":{"line":56,"column":0},"end":{"line":56,"column":17}},"56":{"start":{"line":57,"column":0},"end":{"line":57,"column":29}},"57":{"start":{"line":58,"column":0},"end":{"line":58,"column":12}},"59":{"start":{"line":60,"column":0},"end":{"line":60,"column":3}},"60":{"start":{"line":61,"column":0},"end":{"line":61,"column":1}},"62":{"start":{"line":63,"column":0},"end":{"line":63,"column":29}}},"s":{"0":1,"3":6,"4":6,"5":6,"6":6,"7":6,"8":6,"10":6,"11":6,"12":6,"13":6,"14":6,"15":6,"16":6,"17":6,"19":6,"20":2,"21":2,"23":6,"24":2,"25":2,"26":2,"27":2,"28":2,"29":2,"30":2,"31":2,"32":2,"34":1,"35":10,"36":5,"37":5,"38":5,"39":5,"40":5,"41":5,"42":5,"43":5,"44":5,"46":5,"48":5,"49":5,"50":5,"51":5,"52":5,"53":5,"55":5,"56":5,"57":5,"59":10,"60":1,"62":1},"branchMap":{"0":{"type":"branch","line":4,"loc":{"start":{"line":4,"column":0},"end":{"line":33,"column":4}},"locations":[{"start":{"line":4,"column":0},"end":{"line":33,"column":4}}]},"1":{"type":"branch","line":24,"loc":{"start":{"line":24,"column":21},"end":{"line":33,"column":4}},"locations":[{"start":{"line":24,"column":21},"end":{"line":33,"column":4}}]},"2":{"type":"branch","line":25,"loc":{"start":{"line":25,"column":5},"end":{"line":27,"column":7}},"locations":[{"start":{"line":25,"column":5},"end":{"line":27,"column":7}}]},"3":{"type":"branch","line":27,"loc":{"start":{"line":27,"column":15},"end":{"line":32,"column":5}},"locations":[{"start":{"line":27,"column":15},"end":{"line":32,"column":5}}]},"4":{"type":"branch","line":20,"loc":{"start":{"line":20,"column":9},"end":{"line":22,"column":3}},"locations":[{"start":{"line":20,"column":9},"end":{"line":22,"column":3}}]},"5":{"type":"branch","line":35,"loc":{"start":{"line":35,"column":2},"end":{"line":60,"column":3}},"locations":[{"start":{"line":35,"column":2},"end":{"line":60,"column":3}}]},"6":{"type":"branch","line":36,"loc":{"start":{"line":36,"column":29},"end":{"line":58,"column":12}},"locations":[{"start":{"line":36,"column":29},"end":{"line":58,"column":12}}]},"7":{"type":"branch","line":40,"loc":{"start":{"line":40,"column":22},"end":{"line":40,"column":59}},"locations":[{"start":{"line":40,"column":22},"end":{"line":40,"column":59}}]},"8":{"type":"branch","line":41,"loc":{"start":{"line":41,"column":22},"end":{"line":41,"column":71}},"locations":[{"start":{"line":41,"column":22},"end":{"line":41,"column":71}}]}},"b":{"0":[6],"1":[2],"2":[2],"3":[2],"4":[2],"5":[10],"6":[5],"7":[3],"8":[1]},"fnMap":{"0":{"name":"ErrorBoundary","decl":{"start":{"line":4,"column":0},"end":{"line":33,"column":4}},"loc":{"start":{"line":4,"column":0},"end":{"line":33,"column":4}},"line":4},"1":{"name":"ErrorBoundary.handleThrowError","decl":{"start":{"line":24,"column":21},"end":{"line":33,"column":4}},"loc":{"start":{"line":24,"column":21},"end":{"line":33,"column":4}},"line":24},"2":{"name":"getDerivedStateFromError","decl":{"start":{"line":20,"column":9},"end":{"line":22,"column":3}},"loc":{"start":{"line":20,"column":9},"end":{"line":22,"column":3}},"line":20},"3":{"name":"render","decl":{"start":{"line":35,"column":2},"end":{"line":60,"column":3}},"loc":{"start":{"line":35,"column":2},"end":{"line":60,"column":3}},"line":35}},"f":{"0":6,"1":2,"2":2,"3":10}}
,"D:\\vs-code\\rsschool\\rsschool-react\\src\\components\\flyoutElement\\FlyoutElement.tsx": {"path":"D:\\vs-code\\rsschool\\rsschool-react\\src\\components\\flyoutElement\\FlyoutElement.tsx","all":false,"statementMap":{"0":{"start":{"line":1,"column":0},"end":{"line":1,"column":26}},"1":{"start":{"line":2,"column":0},"end":{"line":2,"column":63}},"2":{"start":{"line":3,"column":0},"end":{"line":3,"column":73}},"3":{"start":{"line":4,"column":0},"end":{"line":4,"column":86}},"4":{"start":{"line":5,"column":0},"end":{"line":5,"column":89}},"6":{"start":{"line":7,"column":0},"end":{"line":7,"column":80}},"7":{"start":{"line":8,"column":0},"end":{"line":8,"column":58}},"9":{"start":{"line":10,"column":0},"end":{"line":10,"column":45}},"10":{"start":{"line":11,"column":0},"end":{"line":11,"column":45}},"11":{"start":{"line":12,"column":0},"end":{"line":12,"column":29}},"12":{"start":{"line":13,"column":0},"end":{"line":13,"column":17}},"13":{"start":{"line":14,"column":0},"end":{"line":14,"column":3}},"15":{"start":{"line":16,"column":0},"end":{"line":16,"column":10}},"16":{"start":{"line":17,"column":0},"end":{"line":17,"column":40}},"17":{"start":{"line":18,"column":0},"end":{"line":18,"column":42}},"18":{"start":{"line":19,"column":0},"end":{"line":19,"column":48}},"19":{"start":{"line":20,"column":0},"end":{"line":20,"column":10}},"20":{"start":{"line":21,"column":0},"end":{"line":21,"column":61}},"21":{"start":{"line":22,"column":0},"end":{"line":22,"column":57}},"22":{"start":{"line":23,"column":0},"end":{"line":23,"column":14}},"24":{"start":{"line":25,"column":0},"end":{"line":25,"column":2}}},"s":{"0":1,"1":1,"2":1,"3":1,"4":1,"6":1,"7":4,"9":4,"10":4,"11":4,"12":1,"13":1,"15":3,"16":3,"17":3,"18":3,"19":3,"20":3,"21":3,"22":3,"24":3},"branchMap":{"0":{"type":"branch","line":7,"loc":{"start":{"line":7,"column":54},"end":{"line":25,"column":2}},"locations":[{"start":{"line":7,"column":54},"end":{"line":25,"column":2}}]},"1":{"type":"branch","line":12,"loc":{"start":{"line":12,"column":28},"end":{"line":14,"column":3}},"locations":[{"start":{"line":12,"column":28},"end":{"line":14,"column":3}}]},"2":{"type":"branch","line":14,"loc":{"start":{"line":14,"column":2},"end":{"line":25,"column":2}},"locations":[{"start":{"line":14,"column":2},"end":{"line":25,"column":2}}]}},"b":{"0":[4],"1":[1],"2":[3]},"fnMap":{"0":{"name":"FlyoutElement","decl":{"start":{"line":7,"column":54},"end":{"line":25,"column":2}},"loc":{"start":{"line":7,"column":54},"end":{"line":25,"column":2}},"line":7}},"f":{"0":4}}
,"D:\\vs-code\\rsschool\\rsschool-react\\src\\components\\pagination\\Pagination.tsx": {"path":"D:\\vs-code\\rsschool\\rsschool-react\\src\\components\\pagination\\Pagination.tsx","all":false,"statementMap":{"0":{"start":{"line":1,"column":0},"end":{"line":1,"column":34}},"3":{"start":{"line":4,"column":0},"end":{"line":4,"column":45}},"4":{"start":{"line":5,"column":0},"end":{"line":5,"column":14}},"5":{"start":{"line":6,"column":0},"end":{"line":6,"column":8}},"6":{"start":{"line":7,"column":0},"end":{"line":7,"column":20}},"7":{"start":{"line":8,"column":0},"end":{"line":8,"column":15}},"8":{"start":{"line":9,"column":0},"end":{"line":9,"column":26}},"9":{"start":{"line":10,"column":0},"end":{"line":10,"column":58}},"11":{"start":{"line":12,"column":0},"end":{"line":12,"column":37}},"12":{"start":{"line":13,"column":0},"end":{"line":13,"column":21}},"14":{"start":{"line":15,"column":0},"end":{"line":15,"column":48}},"15":{"start":{"line":16,"column":0},"end":{"line":16,"column":20}},"16":{"start":{"line":17,"column":0},"end":{"line":17,"column":5}},"18":{"start":{"line":19,"column":0},"end":{"line":19,"column":17}},"19":{"start":{"line":20,"column":0},"end":{"line":20,"column":4}},"21":{"start":{"line":22,"column":0},"end":{"line":22,"column":38}},"23":{"start":{"line":24,"column":0},"end":{"line":24,"column":56}},"25":{"start":{"line":26,"column":0},"end":{"line":26,"column":10}},"26":{"start":{"line":27,"column":0},"end":{"line":27,"column":40}},"27":{"start":{"line":28,"column":0},"end":{"line":28,"column":13}},"28":{"start":{"line":29,"column":0},"end":{"line":29,"column":27}},"29":{"start":{"line":30,"column":0},"end":{"line":30,"column":37}},"30":{"start":{"line":31,"column":0},"end":{"line":31,"column":62}},"31":{"start":{"line":32,"column":0},"end":{"line":32,"column":39}},"33":{"start":{"line":34,"column":0},"end":{"line":34,"column":30}},"34":{"start":{"line":35,"column":0},"end":{"line":35,"column":42}},"35":{"start":{"line":36,"column":0},"end":{"line":36,"column":18}},"36":{"start":{"line":37,"column":0},"end":{"line":37,"column":19}},"37":{"start":{"line":38,"column":0},"end":{"line":38,"column":11}},"38":{"start":{"line":39,"column":0},"end":{"line":39,"column":15}},"39":{"start":{"line":40,"column":0},"end":{"line":40,"column":10}},"41":{"start":{"line":42,"column":0},"end":{"line":42,"column":2}}},"s":{"0":1,"3":1,"4":3,"5":3,"6":3,"7":3,"8":3,"9":3,"11":3,"12":3,"14":3,"15":8,"16":8,"18":3,"19":3,"21":3,"23":3,"25":3,"26":3,"27":3,"28":3,"29":3,"30":3,"31":3,"33":3,"34":8,"35":8,"36":8,"37":3,"38":3,"39":3,"41":3},"branchMap":{"0":{"type":"branch","line":4,"loc":{"start":{"line":4,"column":43},"end":{"line":42,"column":2}},"locations":[{"start":{"line":4,"column":43},"end":{"line":42,"column":2}}]},"1":{"type":"branch","line":24,"loc":{"start":{"line":24,"column":43},"end":{"line":24,"column":56}},"locations":[{"start":{"line":24,"column":43},"end":{"line":24,"column":56}}]},"2":{"type":"branch","line":12,"loc":{"start":{"line":12,"column":30},"end":{"line":20,"column":4}},"locations":[{"start":{"line":12,"column":30},"end":{"line":20,"column":4}}]},"3":{"type":"branch","line":15,"loc":{"start":{"line":15,"column":47},"end":{"line":17,"column":5}},"locations":[{"start":{"line":15,"column":47},"end":{"line":17,"column":5}}]},"4":{"type":"branch","line":31,"loc":{"start":{"line":31,"column":18},"end":{"line":31,"column":62}},"locations":[{"start":{"line":31,"column":18},"end":{"line":31,"column":62}}]},"5":{"type":"branch","line":34,"loc":{"start":{"line":34,"column":19},"end":{"line":37,"column":19}},"locations":[{"start":{"line":34,"column":19},"end":{"line":37,"column":19}}]}},"b":{"0":[3],"1":[0],"2":[3],"3":[8],"4":[1],"5":[8]},"fnMap":{"0":{"name":"Pagination","decl":{"start":{"line":4,"column":43},"end":{"line":42,"column":2}},"loc":{"start":{"line":4,"column":43},"end":{"line":42,"column":2}},"line":4},"1":{"name":"generatePageNumbers","decl":{"start":{"line":12,"column":30},"end":{"line":20,"column":4}},"loc":{"start":{"line":12,"column":30},"end":{"line":20,"column":4}},"line":12},"2":{"name":"onChange","decl":{"start":{"line":31,"column":18},"end":{"line":31,"column":62}},"loc":{"start":{"line":31,"column":18},"end":{"line":31,"column":62}},"line":31}},"f":{"0":3,"1":3,"2":1}}
,"D:\\vs-code\\rsschool\\rsschool-react\\src\\components\\routeError\\RouteError.tsx": {"path":"D:\\vs-code\\rsschool\\rsschool-react\\src\\components\\routeError\\RouteError.tsx","all":false,"statementMap":{"0":{"start":{"line":1,"column":0},"end":{"line":1,"column":26}},"1":{"start":{"line":2,"column":0},"end":{"line":2,"column":77}},"2":{"start":{"line":3,"column":0},"end":{"line":3,"column":63}},"8":{"start":{"line":9,"column":0},"end":{"line":9,"column":51}},"9":{"start":{"line":10,"column":0},"end":{"line":10,"column":15}},"10":{"start":{"line":11,"column":0},"end":{"line":11,"column":26}},"11":{"start":{"line":12,"column":0},"end":{"line":12,"column":32}},"12":{"start":{"line":13,"column":0},"end":{"line":13,"column":23}},"14":{"start":{"line":15,"column":0},"end":{"line":15,"column":10}},"15":{"start":{"line":16,"column":0},"end":{"line":16,"column":33}},"16":{"start":{"line":17,"column":0},"end":{"line":17,"column":44}},"17":{"start":{"line":18,"column":0},"end":{"line":18,"column":22}},"18":{"start":{"line":19,"column":0},"end":{"line":19,"column":44}},"19":{"start":{"line":20,"column":0},"end":{"line":20,"column":72}},"20":{"start":{"line":21,"column":0},"end":{"line":21,"column":69}},"21":{"start":{"line":22,"column":0},"end":{"line":22,"column":21}},"22":{"start":{"line":23,"column":0},"end":{"line":23,"column":40}},"23":{"start":{"line":24,"column":0},"end":{"line":24,"column":15}},"24":{"start":{"line":25,"column":0},"end":{"line":25,"column":12}},"25":{"start":{"line":26,"column":0},"end":{"line":26,"column":10}},"27":{"start":{"line":28,"column":0},"end":{"line":28,"column":2}}},"s":{"0":1,"1":1,"2":1,"8":1,"9":4,"10":4,"11":4,"12":4,"14":4,"15":4,"16":4,"17":4,"18":4,"19":4,"20":4,"21":4,"22":4,"23":4,"24":4,"25":4,"27":4},"branchMap":{"0":{"type":"branch","line":9,"loc":{"start":{"line":9,"column":49},"end":{"line":28,"column":2}},"locations":[{"start":{"line":9,"column":49},"end":{"line":28,"column":2}}]},"1":{"type":"branch","line":20,"loc":{"start":{"line":20,"column":35},"end":{"line":20,"column":67}},"locations":[{"start":{"line":20,"column":35},"end":{"line":20,"column":67}}]},"2":{"type":"branch","line":20,"loc":{"start":{"line":20,"column":60},"end":{"line":20,"column":72}},"locations":[{"start":{"line":20,"column":60},"end":{"line":20,"column":72}}]},"3":{"type":"branch","line":21,"loc":{"start":{"line":21,"column":9},"end":{"line":21,"column":64}},"locations":[{"start":{"line":21,"column":9},"end":{"line":21,"column":64}}]},"4":{"type":"branch","line":21,"loc":{"start":{"line":21,"column":57},"end":{"line":21,"column":69}},"locations":[{"start":{"line":21,"column":57},"end":{"line":21,"column":69}}]}},"b":{"0":[4],"1":[1],"2":[3],"3":[1],"4":[3]},"fnMap":{"0":{"name":"RouteError","decl":{"start":{"line":9,"column":49},"end":{"line":28,"column":2}},"loc":{"start":{"line":9,"column":49},"end":{"line":28,"column":2}},"line":9}},"f":{"0":4}}
,"D:\\vs-code\\rsschool\\rsschool-react\\src\\components\\searchInput\\SearchInput.tsx": {"path":"D:\\vs-code\\rsschool\\rsschool-react\\src\\components\\searchInput\\SearchInput.tsx","all":false,"statementMap":{"0":{"start":{"line":1,"column":0},"end":{"line":1,"column":66}},"2":{"start":{"line":3,"column":0},"end":{"line":3,"column":53}},"4":{"start":{"line":5,"column":0},"end":{"line":5,"column":50}},"5":{"start":{"line":6,"column":0},"end":{"line":6,"column":33}},"6":{"start":{"line":7,"column":0},"end":{"line":7,"column":21}},"7":{"start":{"line":8,"column":0},"end":{"line":8,"column":11}},"8":{"start":{"line":9,"column":0},"end":{"line":9,"column":26}},"9":{"start":{"line":10,"column":0},"end":{"line":10,"column":67}},"11":{"start":{"line":12,"column":0},"end":{"line":12,"column":40}},"12":{"start":{"line":13,"column":0},"end":{"line":13,"column":47}},"13":{"start":{"line":14,"column":0},"end":{"line":14,"column":40}},"14":{"start":{"line":15,"column":0},"end":{"line":15,"column":6}},"15":{"start":{"line":16,"column":0},"end":{"line":16,"column":6}},"16":{"start":{"line":17,"column":0},"end":{"line":17,"column":4}},"18":{"start":{"line":19,"column":0},"end":{"line":19,"column":39}},"19":{"start":{"line":20,"column":0},"end":{"line":20,"column":5}},"20":{"start":{"line":21,"column":0},"end":{"line":21,"column":12}},"23":{"start":{"line":24,"column":0},"end":{"line":24,"column":10}},"24":{"start":{"line":25,"column":0},"end":{"line":25,"column":29}},"25":{"start":{"line":26,"column":0},"end":{"line":26,"column":37}},"26":{"start":{"line":27,"column":0},"end":{"line":27,"column":17}},"27":{"start":{"line":28,"column":0},"end":{"line":28,"column":6}},"28":{"start":{"line":29,"column":0},"end":{"line":29,"column":46}},"29":{"start":{"line":30,"column":0},"end":{"line":30,"column":4}},"31":{"start":{"line":32,"column":0},"end":{"line":32,"column":10}},"32":{"start":{"line":33,"column":0},"end":{"line":33,"column":15}},"33":{"start":{"line":34,"column":0},"end":{"line":34,"column":41}},"34":{"start":{"line":35,"column":0},"end":{"line":35,"column":43}},"35":{"start":{"line":36,"column":0},"end":{"line":36,"column":29}},"36":{"start":{"line":37,"column":0},"end":{"line":37,"column":6}},"38":{"start":{"line":39,"column":0},"end":{"line":39,"column":2}},"40":{"start":{"line":41,"column":0},"end":{"line":41,"column":27}}},"s":{"0":1,"2":1,"4":1,"5":5,"6":5,"7":5,"8":5,"9":5,"11":5,"12":5,"13":1,"14":1,"15":5,"16":5,"18":5,"19":5,"20":1,"23":1,"24":1,"25":1,"26":1,"27":1,"28":5,"29":5,"31":5,"32":5,"33":5,"34":5,"35":5,"36":5,"38":5,"40":1},"branchMap":{"0":{"type":"branch","line":5,"loc":{"start":{"line":5,"column":48},"end":{"line":39,"column":2}},"locations":[{"start":{"line":5,"column":48},"end":{"line":39,"column":2}}]},"1":{"type":"branch","line":13,"loc":{"start":{"line":13,"column":4},"end":{"line":15,"column":6}},"locations":[{"start":{"line":13,"column":4},"end":{"line":15,"column":6}}]},"2":{"type":"branch","line":20,"loc":{"start":{"line":20,"column":4},"end":{"line":28,"column":6}},"locations":[{"start":{"line":20,"column":4},"end":{"line":28,"column":6}}]}},"b":{"0":[5],"1":[1],"2":[1]},"fnMap":{"0":{"name":"SearchInput","decl":{"start":{"line":5,"column":48},"end":{"line":39,"column":2}},"loc":{"start":{"line":5,"column":48},"end":{"line":39,"column":2}},"line":5}},"f":{"0":5}}
,"D:\\vs-code\\rsschool\\rsschool-react\\src\\components\\searchInput\\searchForm\\SearchForm.tsx": {"path":"D:\\vs-code\\rsschool\\rsschool-react\\src\\components\\searchInput\\searchForm\\SearchForm.tsx","all":false,"statementMap":{"0":{"start":{"line":1,"column":0},"end":{"line":1,"column":42}},"1":{"start":{"line":2,"column":0},"end":{"line":2,"column":66}},"4":{"start":{"line":5,"column":0},"end":{"line":5,"column":42}},"6":{"start":{"line":7,"column":0},"end":{"line":7,"column":51}},"7":{"start":{"line":8,"column":0},"end":{"line":8,"column":19}},"8":{"start":{"line":9,"column":0},"end":{"line":9,"column":13}},"9":{"start":{"line":10,"column":0},"end":{"line":10,"column":20}},"10":{"start":{"line":11,"column":0},"end":{"line":11,"column":26}},"11":{"start":{"line":12,"column":0},"end":{"line":12,"column":78}},"13":{"start":{"line":14,"column":0},"end":{"line":14,"column":10}},"14":{"start":{"line":15,"column":0},"end":{"line":15,"column":9}},"15":{"start":{"line":16,"column":0},"end":{"line":16,"column":29}},"16":{"start":{"line":17,"column":0},"end":{"line":17,"column":33}},"17":{"start":{"line":18,"column":0},"end":{"line":18,"column":31}},"19":{"start":{"line":20,"column":0},"end":{"line":20,"column":12}},"20":{"start":{"line":21,"column":0},"end":{"line":21,"column":19}},"21":{"start":{"line":22,"column":0},"end":{"line":22,"column":26}},"22":{"start":{"line":23,"column":0},"end":{"line":23,"column":36}},"23":{"start":{"line":24,"column":0},"end":{"line":24,"column":40}},"24":{"start":{"line":25,"column":0},"end":{"line":25,"column":30}},"25":{"start":{"line":26,"column":0},"end":{"line":26,"column":8}},"26":{"start":{"line":27,"column":0},"end":{"line":27,"column":13}},"27":{"start":{"line":28,"column":0},"end":{"line":28,"column":21}},"28":{"start":{"line":29,"column":0},"end":{"line":29,"column":39}},"29":{"start":{"line":30,"column":0},"end":{"line":30,"column":21}},"30":{"start":{"line":31,"column":0},"end":{"line":31,"column":28}},"31":{"start":{"line":32,"column":0},"end":{"line":32,"column":8}},"32":{"start":{"line":33,"column":0},"end":{"line":33,"column":11}},"34":{"start":{"line":35,"column":0},"end":{"line":35,"column":2}}},"s":{"0":1,"1":1,"4":1,"6":1,"7":3,"8":3,"9":3,"10":3,"11":3,"13":3,"14":3,"15":3,"16":3,"17":3,"19":3,"20":3,"21":3,"22":3,"23":3,"24":3,"25":3,"26":3,"27":3,"28":3,"29":3,"30":3,"31":3,"32":3,"34":3},"branchMap":{"0":{"type":"branch","line":7,"loc":{"start":{"line":7,"column":49},"end":{"line":35,"column":2}},"locations":[{"start":{"line":7,"column":49},"end":{"line":35,"column":2}}]},"1":{"type":"branch","line":12,"loc":{"start":{"line":12,"column":32},"end":{"line":12,"column":76}},"locations":[{"start":{"line":12,"column":32},"end":{"line":12,"column":76}}]}},"b":{"0":[3],"1":[6]},"fnMap":{"0":{"name":"SearchForm","decl":{"start":{"line":7,"column":49},"end":{"line":35,"column":2}},"loc":{"start":{"line":7,"column":49},"end":{"line":35,"column":2}},"line":7}},"f":{"0":3}}
,"D:\\vs-code\\rsschool\\rsschool-react\\src\\components\\searchPage\\SearchPage.tsx": {"path":"D:\\vs-code\\rsschool\\rsschool-react\\src\\components\\searchPage\\SearchPage.tsx","all":false,"statementMap":{"0":{"start":{"line":1,"column":0},"end":{"line":1,"column":43}},"1":{"start":{"line":2,"column":0},"end":{"line":2,"column":64}},"2":{"start":{"line":3,"column":0},"end":{"line":3,"column":75}},"3":{"start":{"line":4,"column":0},"end":{"line":4,"column":73}},"4":{"start":{"line":5,"column":0},"end":{"line":5,"column":74}},"5":{"start":{"line":6,"column":0},"end":{"line":6,"column":54}},"6":{"start":{"line":7,"column":0},"end":{"line":7,"column":41}},"7":{"start":{"line":8,"column":0},"end":{"line":8,"column":59}},"9":{"start":{"line":10,"column":0},"end":{"line":10,"column":55}},"10":{"start":{"line":11,"column":0},"end":{"line":11,"column":59}},"11":{"start":{"line":12,"column":0},"end":{"line":12,"column":33}},"12":{"start":{"line":13,"column":0},"end":{"line":13,"column":43}},"13":{"start":{"line":14,"column":0},"end":{"line":14,"column":47}},"15":{"start":{"line":16,"column":0},"end":{"line":16,"column":9}},"16":{"start":{"line":17,"column":0},"end":{"line":17,"column":18}},"17":{"start":{"line":18,"column":0},"end":{"line":18,"column":14}},"18":{"start":{"line":19,"column":0},"end":{"line":19,"column":12}},"19":{"start":{"line":20,"column":0},"end":{"line":20,"column":10}},"20":{"start":{"line":21,"column":0},"end":{"line":21,"column":15}},"21":{"start":{"line":22,"column":0},"end":{"line":22,"column":27}},"22":{"start":{"line":23,"column":0},"end":{"line":23,"column":9}},"23":{"start":{"line":24,"column":0},"end":{"line":24,"column":15}},"24":{"start":{"line":25,"column":0},"end":{"line":25,"column":5}},"26":{"start":{"line":27,"column":0},"end":{"line":27,"column":45}},"27":{"start":{"line":28,"column":0},"end":{"line":28,"column":53}},"28":{"start":{"line":29,"column":0},"end":{"line":29,"column":41}},"29":{"start":{"line":30,"column":0},"end":{"line":30,"column":6}},"30":{"start":{"line":31,"column":0},"end":{"line":31,"column":19}},"31":{"start":{"line":32,"column":0},"end":{"line":32,"column":4}},"33":{"start":{"line":34,"column":0},"end":{"line":34,"column":44}},"34":{"start":{"line":35,"column":0},"end":{"line":35,"column":21}},"35":{"start":{"line":36,"column":0},"end":{"line":36,"column":50}},"36":{"start":{"line":37,"column":0},"end":{"line":37,"column":6}},"37":{"start":{"line":38,"column":0},"end":{"line":38,"column":20}},"38":{"start":{"line":39,"column":0},"end":{"line":39,"column":4}},"40":{"start":{"line":41,"column":0},"end":{"line":41,"column":39}},"41":{"start":{"line":42,"column":0},"end":{"line":42,"column":32}},"42":{"start":{"line":43,"column":0},"end":{"line":43,"column":20}},"43":{"start":{"line":44,"column":0},"end":{"line":44,"column":36}},"44":{"start":{"line":45,"column":0},"end":{"line":45,"column":6}},"45":{"start":{"line":46,"column":0},"end":{"line":46,"column":14}},"46":{"start":{"line":47,"column":0},"end":{"line":47,"column":4}},"48":{"start":{"line":49,"column":0},"end":{"line":49,"column":48}},"49":{"start":{"line":50,"column":0},"end":{"line":50,"column":18}},"50":{"start":{"line":51,"column":0},"end":{"line":51,"column":25}},"51":{"start":{"line":52,"column":0},"end":{"line":52,"column":17}},"53":{"start":{"line":54,"column":0},"end":{"line":54,"column":36}},"55":{"start":{"line":56,"column":0},"end":{"line":56,"column":16}},"56":{"start":{"line":57,"column":0},"end":{"line":57,"column":47}},"57":{"start":{"line":58,"column":0},"end":{"line":58,"column":3}},"59":{"start":{"line":60,"column":0},"end":{"line":60,"column":10}},"60":{"start":{"line":61,"column":0},"end":{"line":61,"column":11}},"61":{"start":{"line":62,"column":0},"end":{"line":62,"column":23}},"62":{"start":{"line":63,"column":0},"end":{"line":63,"column":41}},"63":{"start":{"line":64,"column":0},"end":{"line":64,"column":51}},"64":{"start":{"line":65,"column":0},"end":{"line":65,"column":33}},"65":{"start":{"line":66,"column":0},"end":{"line":66,"column":53}},"66":{"start":{"line":67,"column":0},"end":{"line":67,"column":23}},"67":{"start":{"line":68,"column":0},"end":{"line":68,"column":29}},"68":{"start":{"line":69,"column":0},"end":{"line":69,"column":6}},"70":{"start":{"line":71,"column":0},"end":{"line":71,"column":2}},"72":{"start":{"line":73,"column":0},"end":{"line":73,"column":26}}},"s":{"0":1,"1":1,"2":1,"3":1,"4":1,"5":1,"6":1,"7":1,"9":1,"10":2,"11":2,"12":2,"13":2,"15":2,"16":2,"17":2,"18":2,"19":2,"20":2,"21":2,"22":2,"23":2,"24":2,"26":2,"27":2,"28":0,"29":0,"30":2,"31":2,"33":2,"34":2,"35":0,"36":0,"37":2,"38":2,"40":2,"41":2,"42":0,"43":0,"44":0,"45":2,"46":2,"48":2,"49":0,"50":0,"51":2,"53":2,"55":2,"56":1,"57":1,"59":1,"60":1,"61":1,"62":1,"63":1,"64":1,"65":1,"66":1,"67":1,"68":1,"70":1,"72":1},"branchMap":{"0":{"type":"branch","line":10,"loc":{"start":{"line":10,"column":29},"end":{"line":71,"column":2}},"locations":[{"start":{"line":10,"column":29},"end":{"line":71,"column":2}}]},"1":{"type":"branch","line":56,"loc":{"start":{"line":56,"column":15},"end":{"line":71,"column":2}},"locations":[{"start":{"line":56,"column":15},"end":{"line":71,"column":2}}]}},"b":{"0":[2],"1":[1]},"fnMap":{"0":{"name":"SearchPage","decl":{"start":{"line":10,"column":29},"end":{"line":71,"column":2}},"loc":{"start":{"line":10,"column":29},"end":{"line":71,"column":2}},"line":10}},"f":{"0":2}}
,"D:\\vs-code\\rsschool\\rsschool-react\\src\\components\\searchPage\\search\\Search.tsx": {"path":"D:\\vs-code\\rsschool\\rsschool-react\\src\\components\\searchPage\\search\\Search.tsx","all":false,"statementMap":{"0":{"start":{"line":1,"column":0},"end":{"line":1,"column":42}},"1":{"start":{"line":2,"column":0},"end":{"line":2,"column":56}},"2":{"start":{"line":3,"column":0},"end":{"line":3,"column":62}},"3":{"start":{"line":4,"column":0},"end":{"line":4,"column":57}},"7":{"start":{"line":8,"column":0},"end":{"line":8,"column":48}},"8":{"start":{"line":9,"column":0},"end":{"line":9,"column":15}},"9":{"start":{"line":10,"column":0},"end":{"line":10,"column":13}},"10":{"start":{"line":11,"column":0},"end":{"line":11,"column":25}},"11":{"start":{"line":12,"column":0},"end":{"line":12,"column":10}},"12":{"start":{"line":13,"column":0},"end":{"line":13,"column":24}},"13":{"start":{"line":14,"column":0},"end":{"line":14,"column":9}},"14":{"start":{"line":15,"column":0},"end":{"line":15,"column":19}},"15":{"start":{"line":16,"column":0},"end":{"line":16,"column":26}},"16":{"start":{"line":17,"column":0},"end":{"line":17,"column":31}},"17":{"start":{"line":18,"column":0},"end":{"line":18,"column":16}},"18":{"start":{"line":19,"column":0},"end":{"line":19,"column":29}},"19":{"start":{"line":20,"column":0},"end":{"line":20,"column":29}},"20":{"start":{"line":21,"column":0},"end":{"line":21,"column":49}},"21":{"start":{"line":22,"column":0},"end":{"line":22,"column":6}},"22":{"start":{"line":23,"column":0},"end":{"line":23,"column":68}},"23":{"start":{"line":24,"column":0},"end":{"line":24,"column":8}},"24":{"start":{"line":25,"column":0},"end":{"line":25,"column":45}},"25":{"start":{"line":26,"column":0},"end":{"line":26,"column":24}},"26":{"start":{"line":27,"column":0},"end":{"line":27,"column":37}},"27":{"start":{"line":28,"column":0},"end":{"line":28,"column":53}},"28":{"start":{"line":29,"column":0},"end":{"line":29,"column":12}},"29":{"start":{"line":30,"column":0},"end":{"line":30,"column":20}},"30":{"start":{"line":31,"column":0},"end":{"line":31,"column":14}},"31":{"start":{"line":32,"column":0},"end":{"line":32,"column":19}},"32":{"start":{"line":33,"column":0},"end":{"line":33,"column":36}},"33":{"start":{"line":34,"column":0},"end":{"line":34,"column":49}},"34":{"start":{"line":35,"column":0},"end":{"line":35,"column":41}},"35":{"start":{"line":36,"column":0},"end":{"line":36,"column":10}},"36":{"start":{"line":37,"column":0},"end":{"line":37,"column":9}},"38":{"start":{"line":39,"column":0},"end":{"line":39,"column":31}},"40":{"start":{"line":41,"column":0},"end":{"line":41,"column":8}}},"s":{"0":1,"1":1,"2":1,"3":1,"7":1,"8":6,"9":6,"10":6,"11":6,"12":6,"13":6,"14":6,"15":6,"16":6,"17":6,"18":6,"19":6,"20":6,"21":6,"22":6,"23":1,"24":1,"25":1,"26":1,"27":1,"28":1,"29":1,"30":1,"31":1,"32":1,"33":1,"34":1,"35":1,"36":1,"38":4,"40":6},"branchMap":{"0":{"type":"branch","line":8,"loc":{"start":{"line":8,"column":46},"end":{"line":41,"column":8}},"locations":[{"start":{"line":8,"column":46},"end":{"line":41,"column":8}}]},"1":{"type":"branch","line":23,"loc":{"start":{"line":23,"column":19},"end":{"line":23,"column":35}},"locations":[{"start":{"line":23,"column":19},"end":{"line":23,"column":35}}]},"2":{"type":"branch","line":23,"loc":{"start":{"line":23,"column":35},"end":{"line":23,"column":68}},"locations":[{"start":{"line":23,"column":35},"end":{"line":23,"column":68}}]},"3":{"type":"branch","line":23,"loc":{"start":{"line":23,"column":58},"end":{"line":37,"column":9}},"locations":[{"start":{"line":23,"column":58},"end":{"line":37,"column":9}}]},"4":{"type":"branch","line":33,"loc":{"start":{"line":33,"column":25},"end":{"line":33,"column":36}},"locations":[{"start":{"line":33,"column":25},"end":{"line":33,"column":36}}]},"5":{"type":"branch","line":37,"loc":{"start":{"line":37,"column":6},"end":{"line":39,"column":31}},"locations":[{"start":{"line":37,"column":6},"end":{"line":39,"column":31}}]}},"b":{"0":[6],"1":[5],"2":[5],"3":[1],"4":[0],"5":[4]},"fnMap":{"0":{"name":"Search","decl":{"start":{"line":8,"column":46},"end":{"line":41,"column":8}},"loc":{"start":{"line":8,"column":46},"end":{"line":41,"column":8}},"line":8}},"f":{"0":6}}
,"D:\\vs-code\\rsschool\\rsschool-react\\src\\components\\searchResults\\SearchResults.tsx": {"path":"D:\\vs-code\\rsschool\\rsschool-react\\src\\components\\searchResults\\SearchResults.tsx","all":false,"statementMap":{"0":{"start":{"line":1,"column":0},"end":{"line":1,"column":26}},"2":{"start":{"line":3,"column":0},"end":{"line":3,"column":63}},"3":{"start":{"line":4,"column":0},"end":{"line":4,"column":62}},"5":{"start":{"line":6,"column":0},"end":{"line":6,"column":61}},"6":{"start":{"line":7,"column":0},"end":{"line":7,"column":10}},"7":{"start":{"line":8,"column":0},"end":{"line":8,"column":20}},"8":{"start":{"line":9,"column":0},"end":{"line":9,"column":7}},"9":{"start":{"line":10,"column":0},"end":{"line":10,"column":33}},"10":{"start":{"line":11,"column":0},"end":{"line":11,"column":33}},"11":{"start":{"line":12,"column":0},"end":{"line":12,"column":63}},"12":{"start":{"line":13,"column":0},"end":{"line":13,"column":47}},"13":{"start":{"line":14,"column":0},"end":{"line":14,"column":15}},"14":{"start":{"line":15,"column":0},"end":{"line":15,"column":41}},"15":{"start":{"line":16,"column":0},"end":{"line":16,"column":31}},"16":{"start":{"line":17,"column":0},"end":{"line":17,"column":30}},"17":{"start":{"line":18,"column":0},"end":{"line":18,"column":24}},"18":{"start":{"line":19,"column":0},"end":{"line":19,"column":79}},"20":{"start":{"line":21,"column":0},"end":{"line":21,"column":10}},"21":{"start":{"line":22,"column":0},"end":{"line":22,"column":11}},"22":{"start":{"line":23,"column":0},"end":{"line":23,"column":7}},"23":{"start":{"line":24,"column":0},"end":{"line":24,"column":7}},"26":{"start":{"line":27,"column":0},"end":{"line":27,"column":29}}},"s":{"0":1,"2":1,"3":1,"5":1,"6":2,"7":2,"8":2,"9":2,"10":2,"11":8,"12":8,"13":8,"14":8,"15":8,"16":8,"17":8,"18":1,"20":8,"21":8,"22":2,"23":2,"26":1},"branchMap":{"0":{"type":"branch","line":6,"loc":{"start":{"line":6,"column":59},"end":{"line":24,"column":7}},"locations":[{"start":{"line":6,"column":59},"end":{"line":24,"column":7}}]},"1":{"type":"branch","line":11,"loc":{"start":{"line":11,"column":17},"end":{"line":22,"column":11}},"locations":[{"start":{"line":11,"column":17},"end":{"line":22,"column":11}}]},"2":{"type":"branch","line":18,"loc":{"start":{"line":18,"column":19},"end":{"line":19,"column":79}},"locations":[{"start":{"line":18,"column":19},"end":{"line":19,"column":79}}]}},"b":{"0":[2],"1":[8],"2":[1]},"fnMap":{"0":{"name":"SearchResults","decl":{"start":{"line":6,"column":59},"end":{"line":24,"column":7}},"loc":{"start":{"line":6,"column":59},"end":{"line":24,"column":7}},"line":6},"1":{"name":"onClick","decl":{"start":{"line":18,"column":19},"end":{"line":19,"column":79}},"loc":{"start":{"line":18,"column":19},"end":{"line":19,"column":79}},"line":18}},"f":{"0":2,"1":1}}
,"D:\\vs-code\\rsschool\\rsschool-react\\src\\components\\searchResults\\checkboxInput\\CheckboxInput.tsx": {"path":"D:\\vs-code\\rsschool\\rsschool-react\\src\\components\\searchResults\\checkboxInput\\CheckboxInput.tsx","all":false,"statementMap":{"0":{"start":{"line":1,"column":0},"end":{"line":1,"column":64}},"2":{"start":{"line":3,"column":0},"end":{"line":3,"column":55}},"7":{"start":{"line":8,"column":0},"end":{"line":8,"column":57}},"13":{"start":{"line":14,"column":0},"end":{"line":14,"column":77}},"14":{"start":{"line":15,"column":0},"end":{"line":15,"column":12}},"15":{"start":{"line":16,"column":0},"end":{"line":16,"column":26}},"16":{"start":{"line":17,"column":0},"end":{"line":17,"column":36}},"17":{"start":{"line":18,"column":0},"end":{"line":18,"column":57}},"18":{"start":{"line":19,"column":0},"end":{"line":19,"column":4}},"19":{"start":{"line":20,"column":0},"end":{"line":20,"column":33}},"21":{"start":{"line":22,"column":0},"end":{"line":22,"column":52}},"22":{"start":{"line":23,"column":0},"end":{"line":23,"column":59}},"23":{"start":{"line":24,"column":0},"end":{"line":24,"column":4}},"25":{"start":{"line":26,"column":0},"end":{"line":26,"column":19}},"26":{"start":{"line":27,"column":0},"end":{"line":27,"column":73}},"27":{"start":{"line":28,"column":0},"end":{"line":28,"column":38}},"29":{"start":{"line":30,"column":0},"end":{"line":30,"column":76}},"30":{"start":{"line":31,"column":0},"end":{"line":31,"column":39}},"31":{"start":{"line":32,"column":0},"end":{"line":32,"column":27}},"33":{"start":{"line":34,"column":0},"end":{"line":34,"column":20}},"34":{"start":{"line":35,"column":0},"end":{"line":35,"column":43}},"35":{"start":{"line":36,"column":0},"end":{"line":36,"column":12}},"36":{"start":{"line":37,"column":0},"end":{"line":37,"column":57}},"37":{"start":{"line":38,"column":0},"end":{"line":38,"column":5}},"38":{"start":{"line":39,"column":0},"end":{"line":39,"column":4}},"40":{"start":{"line":41,"column":0},"end":{"line":41,"column":10}},"41":{"start":{"line":42,"column":0},"end":{"line":42,"column":10}},"42":{"start":{"line":43,"column":0},"end":{"line":43,"column":41}},"43":{"start":{"line":44,"column":0},"end":{"line":44,"column":21}},"44":{"start":{"line":45,"column":0},"end":{"line":45,"column":31}},"45":{"start":{"line":46,"column":0},"end":{"line":46,"column":45}},"46":{"start":{"line":47,"column":0},"end":{"line":47,"column":37}},"47":{"start":{"line":48,"column":0},"end":{"line":48,"column":24}},"48":{"start":{"line":49,"column":0},"end":{"line":49,"column":6}},"50":{"start":{"line":51,"column":0},"end":{"line":51,"column":2}}},"s":{"0":1,"2":1,"7":1,"13":1,"14":10,"15":10,"16":10,"17":10,"18":10,"19":10,"21":10,"22":10,"23":10,"25":10,"26":5,"27":10,"29":10,"30":2,"31":2,"33":2,"34":1,"35":1,"36":1,"37":1,"38":2,"40":10,"41":10,"42":10,"43":10,"44":10,"45":10,"46":10,"47":10,"48":10,"50":10},"branchMap":{"0":{"type":"branch","line":14,"loc":{"start":{"line":14,"column":75},"end":{"line":51,"column":2}},"locations":[{"start":{"line":14,"column":75},"end":{"line":51,"column":2}}]},"1":{"type":"branch","line":26,"loc":{"start":{"line":26,"column":12},"end":{"line":28,"column":5}},"locations":[{"start":{"line":26,"column":12},"end":{"line":28,"column":5}}]},"2":{"type":"branch","line":30,"loc":{"start":{"line":30,"column":31},"end":{"line":39,"column":4}},"locations":[{"start":{"line":30,"column":31},"end":{"line":39,"column":4}}]},"3":{"type":"branch","line":34,"loc":{"start":{"line":34,"column":19},"end":{"line":38,"column":5}},"locations":[{"start":{"line":34,"column":19},"end":{"line":38,"column":5}}]}},"b":{"0":[10],"1":[5],"2":[2],"3":[1]},"fnMap":{"0":{"name":"CheckboxInput","decl":{"start":{"line":14,"column":75},"end":{"line":51,"column":2}},"loc":{"start":{"line":14,"column":75},"end":{"line":51,"column":2}},"line":14},"1":{"name":"handleCheckboxChange","decl":{"start":{"line":30,"column":31},"end":{"line":39,"column":4}},"loc":{"start":{"line":30,"column":31},"end":{"line":39,"column":4}},"line":30}},"f":{"0":10,"1":2}}
,"D:\\vs-code\\rsschool\\rsschool-react\\src\\redux\\store.ts": {"path":"D:\\vs-code\\rsschool\\rsschool-react\\src\\redux\\store.ts","all":false,"statementMap":{"0":{"start":{"line":1,"column":0},"end":{"line":1,"column":67}},"1":{"start":{"line":2,"column":0},"end":{"line":2,"column":61}},"2":{"start":{"line":3,"column":0},"end":{"line":3,"column":49}},"3":{"start":{"line":4,"column":0},"end":{"line":4,"column":69}},"4":{"start":{"line":5,"column":0},"end":{"line":5,"column":76}},"6":{"start":{"line":7,"column":0},"end":{"line":7,"column":37}},"7":{"start":{"line":8,"column":0},"end":{"line":8,"column":12}},"8":{"start":{"line":9,"column":0},"end":{"line":9,"column":26}},"9":{"start":{"line":10,"column":0},"end":{"line":10,"column":61}},"10":{"start":{"line":11,"column":0},"end":{"line":11,"column":46}},"11":{"start":{"line":12,"column":0},"end":{"line":12,"column":52}},"12":{"start":{"line":13,"column":0},"end":{"line":13,"column":4}},"13":{"start":{"line":14,"column":0},"end":{"line":14,"column":39}},"14":{"start":{"line":15,"column":0},"end":{"line":15,"column":63}},"15":{"start":{"line":16,"column":0},"end":{"line":16,"column":3}},"17":{"start":{"line":18,"column":0},"end":{"line":18,"column":44}},"18":{"start":{"line":19,"column":0},"end":{"line":19,"column":24}},"19":{"start":{"line":20,"column":0},"end":{"line":20,"column":59}},"20":{"start":{"line":21,"column":0},"end":{"line":21,"column":44}},"21":{"start":{"line":22,"column":0},"end":{"line":22,"column":50}},"22":{"start":{"line":23,"column":0},"end":{"line":23,"column":3}}},"s":{"0":1,"1":1,"2":1,"3":1,"4":1,"6":1,"7":1,"8":1,"9":1,"10":1,"11":1,"12":1,"13":1,"14":4,"15":1,"17":1,"18":1,"19":1,"20":1,"21":1,"22":1},"branchMap":{"0":{"type":"branch","line":14,"loc":{"start":{"line":14,"column":14},"end":{"line":15,"column":63}},"locations":[{"start":{"line":14,"column":14},"end":{"line":15,"column":63}}]}},"b":{"0":[4]},"fnMap":{"0":{"name":"middleware","decl":{"start":{"line":14,"column":14},"end":{"line":15,"column":63}},"loc":{"start":{"line":14,"column":14},"end":{"line":15,"column":63}},"line":14}},"f":{"0":4}}
,"D:\\vs-code\\rsschool\\rsschool-react\\src\\redux\\slices\\currentPageItemsSlice.ts": {"path":"D:\\vs-code\\rsschool\\rsschool-react\\src\\redux\\slices\\currentPageItemsSlice.ts","all":false,"statementMap":{"0":{"start":{"line":1,"column":0},"end":{"line":1,"column":62}},"7":{"start":{"line":8,"column":0},"end":{"line":8,"column":45}},"8":{"start":{"line":9,"column":0},"end":{"line":9,"column":29}},"9":{"start":{"line":10,"column":0},"end":{"line":10,"column":2}},"11":{"start":{"line":12,"column":0},"end":{"line":12,"column":43}},"12":{"start":{"line":13,"column":0},"end":{"line":13,"column":27}},"13":{"start":{"line":14,"column":0},"end":{"line":14,"column":15}},"14":{"start":{"line":15,"column":0},"end":{"line":15,"column":13}},"15":{"start":{"line":16,"column":0},"end":{"line":16,"column":70}},"16":{"start":{"line":17,"column":0},"end":{"line":17,"column":35}},"17":{"start":{"line":18,"column":0},"end":{"line":18,"column":6}},"18":{"start":{"line":19,"column":0},"end":{"line":19,"column":4}},"19":{"start":{"line":20,"column":0},"end":{"line":20,"column":3}},"21":{"start":{"line":22,"column":0},"end":{"line":22,"column":69}},"22":{"start":{"line":23,"column":0},"end":{"line":23,"column":45}}},"s":{"0":1,"7":1,"8":1,"9":1,"11":1,"12":1,"13":1,"14":1,"15":1,"16":0,"17":0,"18":1,"19":1,"21":1,"22":1},"branchMap":{},"b":{},"fnMap":{"0":{"name":"setCurrentPageItems","decl":{"start":{"line":16,"column":4},"end":{"line":18,"column":6}},"loc":{"start":{"line":16,"column":4},"end":{"line":18,"column":6}},"line":16}},"f":{"0":0}}
,"D:\\vs-code\\rsschool\\rsschool-react\\src\\redux\\slices\\loaderSlice.ts": {"path":"D:\\vs-code\\rsschool\\rsschool-react\\src\\redux\\slices\\loaderSlice.ts","all":false,"statementMap":{"0":{"start":{"line":1,"column":0},"end":{"line":1,"column":47}},"6":{"start":{"line":7,"column":0},"end":{"line":7,"column":36}},"7":{"start":{"line":8,"column":0},"end":{"line":8,"column":19}},"8":{"start":{"line":9,"column":0},"end":{"line":9,"column":2}},"10":{"start":{"line":11,"column":0},"end":{"line":11,"column":33}},"11":{"start":{"line":12,"column":0},"end":{"line":12,"column":17}},"12":{"start":{"line":13,"column":0},"end":{"line":13,"column":15}},"13":{"start":{"line":14,"column":0},"end":{"line":14,"column":13}},"14":{"start":{"line":15,"column":0},"end":{"line":15,"column":25}},"15":{"start":{"line":16,"column":0},"end":{"line":16,"column":29}},"16":{"start":{"line":17,"column":0},"end":{"line":17,"column":6}},"17":{"start":{"line":18,"column":0},"end":{"line":18,"column":24}},"18":{"start":{"line":19,"column":0},"end":{"line":19,"column":30}},"19":{"start":{"line":20,"column":0},"end":{"line":20,"column":6}},"20":{"start":{"line":21,"column":0},"end":{"line":21,"column":4}},"21":{"start":{"line":22,"column":0},"end":{"line":22,"column":3}},"23":{"start":{"line":24,"column":0},"end":{"line":24,"column":65}},"24":{"start":{"line":25,"column":0},"end":{"line":25,"column":35}}},"s":{"0":1,"6":1,"7":1,"8":1,"10":1,"11":1,"12":1,"13":1,"14":1,"15":0,"16":0,"17":1,"18":6,"19":6,"20":1,"21":1,"23":1,"24":1},"branchMap":{"0":{"type":"branch","line":18,"loc":{"start":{"line":18,"column":4},"end":{"line":20,"column":6}},"locations":[{"start":{"line":18,"column":4},"end":{"line":20,"column":6}}]}},"b":{"0":[6]},"fnMap":{"0":{"name":"startLoading","decl":{"start":{"line":15,"column":4},"end":{"line":17,"column":6}},"loc":{"start":{"line":15,"column":4},"end":{"line":17,"column":6}},"line":15},"1":{"name":"stopLoading","decl":{"start":{"line":18,"column":4},"end":{"line":20,"column":6}},"loc":{"start":{"line":18,"column":4},"end":{"line":20,"column":6}},"line":18}},"f":{"0":0,"1":6}}
,"D:\\vs-code\\rsschool\\rsschool-react\\src\\redux\\slices\\selectedItemsDetailsSlice.ts": {"path":"D:\\vs-code\\rsschool\\rsschool-react\\src\\redux\\slices\\selectedItemsDetailsSlice.ts","all":false,"statementMap":{"0":{"start":{"line":1,"column":0},"end":{"line":1,"column":62}},"7":{"start":{"line":8,"column":0},"end":{"line":8,"column":49}},"8":{"start":{"line":9,"column":0},"end":{"line":9,"column":14}},"9":{"start":{"line":10,"column":0},"end":{"line":10,"column":2}},"11":{"start":{"line":12,"column":0},"end":{"line":12,"column":46}},"12":{"start":{"line":13,"column":0},"end":{"line":13,"column":30}},"13":{"start":{"line":14,"column":0},"end":{"line":14,"column":15}},"14":{"start":{"line":15,"column":0},"end":{"line":15,"column":13}},"15":{"start":{"line":16,"column":0},"end":{"line":16,"column":71}},"16":{"start":{"line":17,"column":0},"end":{"line":17,"column":25}},"17":{"start":{"line":18,"column":0},"end":{"line":18,"column":25}},"18":{"start":{"line":19,"column":0},"end":{"line":19,"column":7}},"19":{"start":{"line":20,"column":0},"end":{"line":20,"column":56}},"20":{"start":{"line":21,"column":0},"end":{"line":21,"column":6}},"21":{"start":{"line":22,"column":0},"end":{"line":22,"column":68}},"22":{"start":{"line":23,"column":0},"end":{"line":23,"column":24}},"23":{"start":{"line":24,"column":0},"end":{"line":24,"column":61}},"24":{"start":{"line":25,"column":0},"end":{"line":25,"column":61}},"25":{"start":{"line":26,"column":0},"end":{"line":26,"column":7}},"26":{"start":{"line":27,"column":0},"end":{"line":27,"column":6}},"27":{"start":{"line":28,"column":0},"end":{"line":28,"column":34}},"28":{"start":{"line":29,"column":0},"end":{"line":29,"column":25}},"29":{"start":{"line":30,"column":0},"end":{"line":30,"column":6}},"30":{"start":{"line":31,"column":0},"end":{"line":31,"column":4}},"31":{"start":{"line":32,"column":0},"end":{"line":32,"column":3}},"33":{"start":{"line":34,"column":0},"end":{"line":34,"column":14}},"34":{"start":{"line":35,"column":0},"end":{"line":35,"column":18}},"35":{"start":{"line":36,"column":0},"end":{"line":36,"column":27}},"36":{"start":{"line":37,"column":0},"end":{"line":37,"column":24}},"37":{"start":{"line":38,"column":0},"end":{"line":38,"column":37}},"38":{"start":{"line":39,"column":0},"end":{"line":39,"column":48}}},"s":{"0":1,"7":1,"8":1,"9":1,"11":1,"12":1,"13":1,"14":1,"15":1,"16":0,"17":0,"18":0,"19":0,"20":0,"21":1,"22":0,"23":0,"24":0,"25":0,"26":0,"27":1,"28":0,"29":0,"30":1,"31":1,"33":1,"34":1,"35":1,"36":1,"37":1,"38":1},"branchMap":{},"b":{},"fnMap":{"0":{"name":"setSelectedItem","decl":{"start":{"line":16,"column":4},"end":{"line":21,"column":6}},"loc":{"start":{"line":16,"column":4},"end":{"line":21,"column":6}},"line":16},"1":{"name":"removeSelectedItemByName","decl":{"start":{"line":22,"column":4},"end":{"line":27,"column":6}},"loc":{"start":{"line":22,"column":4},"end":{"line":27,"column":6}},"line":22},"2":{"name":"clearAllSelectedItems","decl":{"start":{"line":28,"column":4},"end":{"line":30,"column":6}},"loc":{"start":{"line":28,"column":4},"end":{"line":30,"column":6}},"line":28}},"f":{"0":0,"1":0,"2":0}}
,"D:\\vs-code\\rsschool\\rsschool-react\\src\\redux\\slices\\starWarsApiSlice.ts": {"path":"D:\\vs-code\\rsschool\\rsschool-react\\src\\redux\\slices\\starWarsApiSlice.ts","all":false,"statementMap":{"0":{"start":{"line":1,"column":0},"end":{"line":1,"column":8}},"5":{"start":{"line":6,"column":0},"end":{"line":6,"column":73}},"7":{"start":{"line":8,"column":0},"end":{"line":8,"column":41}},"9":{"start":{"line":10,"column":0},"end":{"line":10,"column":43}},"10":{"start":{"line":11,"column":0},"end":{"line":11,"column":29}},"11":{"start":{"line":12,"column":0},"end":{"line":12,"column":41}},"12":{"start":{"line":13,"column":0},"end":{"line":13,"column":32}},"13":{"start":{"line":14,"column":0},"end":{"line":14,"column":28}},"14":{"start":{"line":15,"column":0},"end":{"line":15,"column":63}},"15":{"start":{"line":16,"column":0},"end":{"line":16,"column":38}},"16":{"start":{"line":17,"column":0},"end":{"line":17,"column":80}},"17":{"start":{"line":18,"column":0},"end":{"line":18,"column":7}},"18":{"start":{"line":19,"column":0},"end":{"line":19,"column":73}},"19":{"start":{"line":20,"column":0},"end":{"line":20,"column":40}},"20":{"start":{"line":21,"column":0},"end":{"line":21,"column":7}},"21":{"start":{"line":22,"column":0},"end":{"line":22,"column":5}},"22":{"start":{"line":23,"column":0},"end":{"line":23,"column":3}},"24":{"start":{"line":25,"column":0},"end":{"line":25,"column":64}},"25":{"start":{"line":26,"column":0},"end":{"line":26,"column":19}}},"s":{"0":1,"5":1,"7":1,"9":1,"10":1,"11":1,"12":1,"13":1,"14":4,"15":4,"16":0,"17":4,"18":4,"19":4,"20":4,"21":4,"22":1,"24":1,"25":1},"branchMap":{"0":{"type":"branch","line":14,"loc":{"start":{"line":14,"column":13},"end":{"line":22,"column":5}},"locations":[{"start":{"line":14,"column":13},"end":{"line":22,"column":5}}]}},"b":{"0":[4]},"fnMap":{"0":{"name":"endpoints","decl":{"start":{"line":14,"column":13},"end":{"line":22,"column":5}},"loc":{"start":{"line":14,"column":13},"end":{"line":22,"column":5}},"line":14},"1":{"name":"query","decl":{"start":{"line":16,"column":13},"end":{"line":17,"column":80}},"loc":{"start":{"line":16,"column":13},"end":{"line":17,"column":80}},"line":16},"2":{"name":"query","decl":{"start":{"line":20,"column":13},"end":{"line":20,"column":40}},"loc":{"start":{"line":20,"column":13},"end":{"line":20,"column":40}},"line":20}},"f":{"0":4,"1":0,"2":0}}
,"D:\\vs-code\\rsschool\\rsschool-react\\src\\routes\\routes.tsx": {"path":"D:\\vs-code\\rsschool\\rsschool-react\\src\\routes\\routes.tsx","all":true,"statementMap":{"0":{"start":{"line":1,"column":0},"end":{"line":1,"column":55}},"1":{"start":{"line":2,"column":0},"end":{"line":2,"column":40}},"2":{"start":{"line":3,"column":0},"end":{"line":3,"column":77}},"3":{"start":{"line":4,"column":0},"end":{"line":4,"column":65}},"5":{"start":{"line":6,"column":0},"end":{"line":6,"column":43}},"6":{"start":{"line":7,"column":0},"end":{"line":7,"column":3}},"7":{"start":{"line":8,"column":0},"end":{"line":8,"column":21}},"8":{"start":{"line":9,"column":0},"end":{"line":9,"column":14}},"9":{"start":{"line":10,"column":0},"end":{"line":10,"column":33}},"10":{"start":{"line":11,"column":0},"end":{"line":11,"column":15}},"11":{"start":{"line":12,"column":0},"end":{"line":12,"column":7}},"12":{"start":{"line":13,"column":0},"end":{"line":13,"column":34}},"13":{"start":{"line":14,"column":0},"end":{"line":14,"column":26}},"14":{"start":{"line":15,"column":0},"end":{"line":15,"column":8}},"15":{"start":{"line":16,"column":0},"end":{"line":16,"column":6}},"16":{"start":{"line":17,"column":0},"end":{"line":17,"column":4}},"17":{"start":{"line":18,"column":0},"end":{"line":18,"column":3}}},"s":{"0":0,"1":0,"2":0,"3":0,"5":0,"6":0,"7":0,"8":0,"9":0,"10":0,"11":0,"12":0,"13":0,"14":0,"15":0,"16":0,"17":0},"branchMap":{"0":{"type":"branch","line":1,"loc":{"start":{"line":1,"column":471},"end":{"line":18,"column":3}},"locations":[{"start":{"line":1,"column":471},"end":{"line":18,"column":3}}]}},"b":{"0":[0]},"fnMap":{"0":{"name":"(empty-report)","decl":{"start":{"line":1,"column":471},"end":{"line":18,"column":3}},"loc":{"start":{"line":1,"column":471},"end":{"line":18,"column":3}},"line":1}},"f":{"0":0}}
,"D:\\vs-code\\rsschool\\rsschool-react\\src\\shared\\components\\button\\Button.tsx": {"path":"D:\\vs-code\\rsschool\\rsschool-react\\src\\shared\\components\\button\\Button.tsx","all":false,"statementMap":{"0":{"start":{"line":1,"column":0},"end":{"line":1,"column":26}},"11":{"start":{"line":12,"column":0},"end":{"line":12,"column":63}},"12":{"start":{"line":13,"column":0},"end":{"line":13,"column":10}},"13":{"start":{"line":14,"column":0},"end":{"line":14,"column":15}},"14":{"start":{"line":15,"column":0},"end":{"line":15,"column":7}},"15":{"start":{"line":16,"column":0},"end":{"line":16,"column":13}},"16":{"start":{"line":17,"column":0},"end":{"line":17,"column":18}},"17":{"start":{"line":18,"column":0},"end":{"line":18,"column":19}},"18":{"start":{"line":19,"column":0},"end":{"line":19,"column":7}},"19":{"start":{"line":20,"column":0},"end":{"line":20,"column":40}},"20":{"start":{"line":21,"column":0},"end":{"line":21,"column":46}},"21":{"start":{"line":22,"column":0},"end":{"line":22,"column":10}},"22":{"start":{"line":23,"column":0},"end":{"line":23,"column":11}},"23":{"start":{"line":24,"column":0},"end":{"line":24,"column":17}},"24":{"start":{"line":25,"column":0},"end":{"line":25,"column":27}},"25":{"start":{"line":26,"column":0},"end":{"line":26,"column":27}},"26":{"start":{"line":27,"column":0},"end":{"line":27,"column":25}},"28":{"start":{"line":29,"column":0},"end":{"line":29,"column":12}},"29":{"start":{"line":30,"column":0},"end":{"line":30,"column":13}},"31":{"start":{"line":32,"column":0},"end":{"line":32,"column":2}}},"s":{"0":1,"11":1,"12":17,"13":17,"14":17,"15":17,"16":17,"17":17,"18":17,"19":17,"20":17,"21":17,"22":17,"23":17,"24":17,"25":17,"26":17,"28":17,"29":17,"31":17},"branchMap":{"0":{"type":"branch","line":12,"loc":{"start":{"line":12,"column":61},"end":{"line":32,"column":2}},"locations":[{"start":{"line":12,"column":61},"end":{"line":32,"column":2}}]},"1":{"type":"branch","line":21,"loc":{"start":{"line":21,"column":22},"end":{"line":21,"column":46}},"locations":[{"start":{"line":21,"column":22},"end":{"line":21,"column":46}}]}},"b":{"0":[17],"1":[8]},"fnMap":{"0":{"name":"Button","decl":{"start":{"line":12,"column":61},"end":{"line":32,"column":2}},"loc":{"start":{"line":12,"column":61},"end":{"line":32,"column":2}},"line":12}},"f":{"0":17}}
,"D:\\vs-code\\rsschool\\rsschool-react\\src\\shared\\components\\loader\\Loader.tsx": {"path":"D:\\vs-code\\rsschool\\rsschool-react\\src\\shared\\components\\loader\\Loader.tsx","all":false,"statementMap":{"0":{"start":{"line":1,"column":0},"end":{"line":1,"column":22}},"1":{"start":{"line":2,"column":0},"end":{"line":2,"column":29}},"2":{"start":{"line":3,"column":0},"end":{"line":3,"column":63}},"3":{"start":{"line":4,"column":0},"end":{"line":4,"column":34}},"4":{"start":{"line":5,"column":0},"end":{"line":5,"column":8}}},"s":{"0":1,"1":1,"2":1,"3":1,"4":1},"branchMap":{"0":{"type":"branch","line":2,"loc":{"start":{"line":2,"column":22},"end":{"line":5,"column":8}},"locations":[{"start":{"line":2,"column":22},"end":{"line":5,"column":8}}]}},"b":{"0":[1]},"fnMap":{"0":{"name":"Loader","decl":{"start":{"line":2,"column":22},"end":{"line":5,"column":8}},"loc":{"start":{"line":2,"column":22},"end":{"line":5,"column":8}},"line":2}},"f":{"0":1}}
,"D:\\vs-code\\rsschool\\rsschool-react\\src\\shared\\context\\themeContext\\ThemeContext.tsx": {"path":"D:\\vs-code\\rsschool\\rsschool-react\\src\\shared\\context\\themeContext\\ThemeContext.tsx","all":false,"statementMap":{"0":{"start":{"line":1,"column":0},"end":{"line":1,"column":71}},"1":{"start":{"line":2,"column":0},"end":{"line":2,"column":70}},"3":{"start":{"line":4,"column":0},"end":{"line":4,"column":78}},"4":{"start":{"line":5,"column":0},"end":{"line":5,"column":11}},"5":{"start":{"line":6,"column":0},"end":{"line":6,"column":2}},"11":{"start":{"line":12,"column":0},"end":{"line":12,"column":37}},"13":{"start":{"line":14,"column":0},"end":{"line":14,"column":23}},"14":{"start":{"line":15,"column":0},"end":{"line":15,"column":73}},"16":{"start":{"line":17,"column":0},"end":{"line":17,"column":29}},"17":{"start":{"line":18,"column":0},"end":{"line":18,"column":27}},"18":{"start":{"line":19,"column":0},"end":{"line":19,"column":39}},"19":{"start":{"line":20,"column":0},"end":{"line":20,"column":28}},"20":{"start":{"line":21,"column":0},"end":{"line":21,"column":29}},"21":{"start":{"line":22,"column":0},"end":{"line":22,"column":6}},"22":{"start":{"line":23,"column":0},"end":{"line":23,"column":4}},"24":{"start":{"line":25,"column":0},"end":{"line":25,"column":10}},"25":{"start":{"line":26,"column":0},"end":{"line":26,"column":58}},"26":{"start":{"line":27,"column":0},"end":{"line":27,"column":10}},"27":{"start":{"line":28,"column":0},"end":{"line":28,"column":80}},"29":{"start":{"line":30,"column":0},"end":{"line":30,"column":18}},"30":{"start":{"line":31,"column":0},"end":{"line":31,"column":12}},"31":{"start":{"line":32,"column":0},"end":{"line":32,"column":28}},"33":{"start":{"line":34,"column":0},"end":{"line":34,"column":2}}},"s":{"0":1,"1":1,"3":1,"4":1,"5":1,"11":1,"13":1,"14":13,"16":13,"17":0,"18":0,"19":0,"20":0,"21":0,"22":0,"24":13,"25":13,"26":13,"27":13,"29":13,"30":13,"31":13,"33":13},"branchMap":{"0":{"type":"branch","line":14,"loc":{"start":{"line":14,"column":4},"end":{"line":34,"column":2}},"locations":[{"start":{"line":14,"column":4},"end":{"line":34,"column":2}}]},"1":{"type":"branch","line":28,"loc":{"start":{"line":28,"column":51},"end":{"line":28,"column":80}},"locations":[{"start":{"line":28,"column":51},"end":{"line":28,"column":80}}]}},"b":{"0":[13],"1":[0]},"fnMap":{"0":{"name":"ThemeProvider","decl":{"start":{"line":14,"column":4},"end":{"line":34,"column":2}},"loc":{"start":{"line":14,"column":4},"end":{"line":34,"column":2}},"line":14},"1":{"name":"toggleTheme","decl":{"start":{"line":17,"column":22},"end":{"line":23,"column":4}},"loc":{"start":{"line":17,"column":22},"end":{"line":23,"column":4}},"line":17}},"f":{"0":13,"1":0}}
,"D:\\vs-code\\rsschool\\rsschool-react\\src\\shared\\context\\themeContext\\useTheme.ts": {"path":"D:\\vs-code\\rsschool\\rsschool-react\\src\\shared\\context\\themeContext\\useTheme.ts","all":false,"statementMap":{"0":{"start":{"line":1,"column":0},"end":{"line":1,"column":35}},"1":{"start":{"line":2,"column":0},"end":{"line":2,"column":46}},"3":{"start":{"line":4,"column":0},"end":{"line":4,"column":31}},"4":{"start":{"line":5,"column":0},"end":{"line":5,"column":43}},"5":{"start":{"line":6,"column":0},"end":{"line":6,"column":17}},"6":{"start":{"line":7,"column":0},"end":{"line":7,"column":68}},"7":{"start":{"line":8,"column":0},"end":{"line":8,"column":3}},"8":{"start":{"line":9,"column":0},"end":{"line":9,"column":17}},"9":{"start":{"line":10,"column":0},"end":{"line":10,"column":2}}},"s":{"0":1,"1":1,"3":1,"4":4,"5":4,"6":0,"7":0,"8":4,"9":4},"branchMap":{"0":{"type":"branch","line":4,"loc":{"start":{"line":4,"column":24},"end":{"line":10,"column":2}},"locations":[{"start":{"line":4,"column":24},"end":{"line":10,"column":2}}]},"1":{"type":"branch","line":6,"loc":{"start":{"line":6,"column":16},"end":{"line":8,"column":3}},"locations":[{"start":{"line":6,"column":16},"end":{"line":8,"column":3}}]}},"b":{"0":[4],"1":[0]},"fnMap":{"0":{"name":"useTheme","decl":{"start":{"line":4,"column":24},"end":{"line":10,"column":2}},"loc":{"start":{"line":4,"column":24},"end":{"line":10,"column":2}},"line":4}},"f":{"0":4}}
,"D:\\vs-code\\rsschool\\rsschool-react\\src\\shared\\hooks\\useGetSelectedItemsLength.ts": {"path":"D:\\vs-code\\rsschool\\rsschool-react\\src\\shared\\hooks\\useGetSelectedItemsLength.ts","all":false,"statementMap":{"0":{"start":{"line":1,"column":0},"end":{"line":1,"column":46}},"1":{"start":{"line":2,"column":0},"end":{"line":2,"column":42}},"3":{"start":{"line":4,"column":0},"end":{"line":4,"column":56}},"4":{"start":{"line":5,"column":0},"end":{"line":5,"column":36}},"5":{"start":{"line":6,"column":0},"end":{"line":6,"column":57}},"6":{"start":{"line":7,"column":0},"end":{"line":7,"column":4}},"8":{"start":{"line":9,"column":0},"end":{"line":9,"column":43}},"9":{"start":{"line":10,"column":0},"end":{"line":10,"column":39}},"10":{"start":{"line":11,"column":0},"end":{"line":11,"column":8}},"12":{"start":{"line":13,"column":0},"end":{"line":13,"column":29}},"13":{"start":{"line":14,"column":0},"end":{"line":14,"column":2}}},"s":{"0":1,"1":1,"3":1,"4":2,"5":2,"6":2,"8":2,"9":2,"10":0,"12":2,"13":2},"branchMap":{"0":{"type":"branch","line":4,"loc":{"start":{"line":4,"column":41},"end":{"line":14,"column":2}},"locations":[{"start":{"line":4,"column":41},"end":{"line":14,"column":2}}]},"1":{"type":"branch","line":10,"loc":{"start":{"line":10,"column":33},"end":{"line":11,"column":8}},"locations":[{"start":{"line":10,"column":33},"end":{"line":11,"column":8}}]},"2":{"type":"branch","line":6,"loc":{"start":{"line":6,"column":4},"end":{"line":6,"column":57}},"locations":[{"start":{"line":6,"column":4},"end":{"line":6,"column":57}}]}},"b":{"0":[2],"1":[0],"2":[4]},"fnMap":{"0":{"name":"useGetSelectedItemsNumber","decl":{"start":{"line":4,"column":41},"end":{"line":14,"column":2}},"loc":{"start":{"line":4,"column":41},"end":{"line":14,"column":2}},"line":4}},"f":{"0":2}}
,"D:\\vs-code\\rsschool\\rsschool-react\\src\\shared\\hooks\\useHandleClearAllSelectedItems.ts": {"path":"D:\\vs-code\\rsschool\\rsschool-react\\src\\shared\\hooks\\useHandleClearAllSelectedItems.ts","all":true,"statementMap":{"0":{"start":{"line":1,"column":0},"end":{"line":1,"column":42}},"1":{"start":{"line":2,"column":0},"end":{"line":2,"column":85}},"3":{"start":{"line":4,"column":0},"end":{"line":4,"column":40}},"4":{"start":{"line":5,"column":0},"end":{"line":5,"column":33}},"6":{"start":{"line":7,"column":0},"end":{"line":7,"column":16}},"7":{"start":{"line":8,"column":0},"end":{"line":8,"column":38}},"8":{"start":{"line":9,"column":0},"end":{"line":9,"column":4}},"9":{"start":{"line":10,"column":0},"end":{"line":10,"column":2}}},"s":{"0":0,"1":0,"3":0,"4":0,"6":0,"7":0,"8":0,"9":0},"branchMap":{"0":{"type":"branch","line":1,"loc":{"start":{"line":1,"column":0},"end":{"line":10,"column":-104}},"locations":[{"start":{"line":1,"column":0},"end":{"line":10,"column":-104}}]}},"b":{"0":[0]},"fnMap":{"0":{"name":"(empty-report)","decl":{"start":{"line":1,"column":0},"end":{"line":10,"column":-104}},"loc":{"start":{"line":1,"column":0},"end":{"line":10,"column":-104}},"line":1}},"f":{"0":0}}
,"D:\\vs-code\\rsschool\\rsschool-react\\src\\shared\\hooks\\useHandleDownload.ts": {"path":"D:\\vs-code\\rsschool\\rsschool-react\\src\\shared\\hooks\\useHandleDownload.ts","all":true,"statementMap":{"0":{"start":{"line":1,"column":0},"end":{"line":1,"column":42}},"1":{"start":{"line":2,"column":0},"end":{"line":2,"column":93}},"2":{"start":{"line":3,"column":0},"end":{"line":3,"column":69}},"5":{"start":{"line":6,"column":0},"end":{"line":6,"column":40}},"6":{"start":{"line":7,"column":0},"end":{"line":7,"column":36}},"7":{"start":{"line":8,"column":0},"end":{"line":8,"column":57}},"8":{"start":{"line":9,"column":0},"end":{"line":9,"column":4}},"10":{"start":{"line":11,"column":0},"end":{"line":11,"column":16}},"11":{"start":{"line":12,"column":0},"end":{"line":12,"column":31}},"13":{"start":{"line":14,"column":0},"end":{"line":14,"column":45}},"14":{"start":{"line":15,"column":0},"end":{"line":15,"column":41}},"15":{"start":{"line":16,"column":0},"end":{"line":16,"column":10}},"16":{"start":{"line":17,"column":0},"end":{"line":17,"column":52}},"17":{"start":{"line":18,"column":0},"end":{"line":18,"column":59}},"18":{"start":{"line":19,"column":0},"end":{"line":19,"column":4}},"19":{"start":{"line":20,"column":0},"end":{"line":20,"column":2}}},"s":{"0":0,"1":0,"2":0,"5":0,"6":0,"7":0,"8":0,"10":0,"11":0,"13":0,"14":0,"15":0,"16":0,"17":0,"18":0,"19":0},"branchMap":{"0":{"type":"branch","line":1,"loc":{"start":{"line":1,"column":0},"end":{"line":20,"column":-172}},"locations":[{"start":{"line":1,"column":0},"end":{"line":20,"column":-172}}]}},"b":{"0":[0]},"fnMap":{"0":{"name":"(empty-report)","decl":{"start":{"line":1,"column":0},"end":{"line":20,"column":-172}},"loc":{"start":{"line":1,"column":0},"end":{"line":20,"column":-172}},"line":1}},"f":{"0":0}}
[...]
,"D:\\vs-code\\rsschool\\rsschool-react\\src\\shared\\utils\\createCSVRows\\createCSVRows.ts": {"path":"D:\\vs-code\\rsschool\\rsschool-react\\src\\shared\\utils\\createCSVRows\\createCSVRows.ts","all":false,"statementMap":{"0":{"start":{"line":1,"column":0},"end":{"line":1,"column":61}},"23":{"start":{"line":24,"column":0},"end":{"line":24,"column":66}},"25":{"start":{"line":26,"column":0},"end":{"line":26,"column":75}},"26":{"start":{"line":27,"column":0},"end":{"line":27,"column":45}},"27":{"start":{"line":28,"column":0},"end":{"line":28,"column":32}},"29":{"start":{"line":30,"column":0},"end":{"line":30,"column":57}},"30":{"start":{"line":31,"column":0},"end":{"line":31,"column":15}},"31":{"start":{"line":32,"column":0},"end":{"line":32,"column":74}},"32":{"start":{"line":33,"column":0},"end":{"line":33,"column":17}},"33":{"start":{"line":34,"column":0},"end":{"line":34,"column":5}},"35":{"start":{"line":36,"column":0},"end":{"line":36,"column":50}},"37":{"start":{"line":38,"column":0},"end":{"line":38,"column":20}},"38":{"start":{"line":39,"column":0},"end":{"line":39,"column":1}}},"s":{"0":1,"23":1,"25":1,"26":2,"27":2,"29":2,"30":3,"31":3,"32":3,"33":2,"35":2,"37":2,"38":2},"branchMap":{"0":{"type":"branch","line":26,"loc":{"start":{"line":26,"column":7},"end":{"line":39,"column":1}},"locations":[{"start":{"line":26,"column":7},"end":{"line":39,"column":1}}]},"1":{"type":"branch","line":30,"loc":{"start":{"line":30,"column":48},"end":{"line":34,"column":3}},"locations":[{"start":{"line":30,"column":48},"end":{"line":34,"column":3}}]},"2":{"type":"branch","line":32,"loc":{"start":{"line":32,"column":11},"end":{"line":32,"column":73}},"locations":[{"start":{"line":32,"column":11},"end":{"line":32,"column":73}}]},"3":{"type":"branch","line":32,"loc":{"start":{"line":32,"column":55},"end":{"line":32,"column":73}},"locations":[{"start":{"line":32,"column":55},"end":{"line":32,"column":73}}]}},"b":{"0":[2],"1":[3],"2":[36],"3":[2]},"fnMap":{"0":{"name":"createCSVRows","decl":{"start":{"line":26,"column":7},"end":{"line":39,"column":1}},"loc":{"start":{"line":26,"column":7},"end":{"line":39,"column":1}},"line":26}},"f":{"0":2}}
,"D:\\vs-code\\rsschool\\rsschool-react\\src\\shared\\utils\\getKeysToPrint\\getKeysToPrint.ts": {"path":"D:\\vs-code\\rsschool\\rsschool-react\\src\\shared\\utils\\getKeysToPrint\\getKeysToPrint.ts","all":false,"statementMap":{"2":{"start":{"line":3,"column":0},"end":{"line":3,"column":58}},"3":{"start":{"line":4,"column":0},"end":{"line":4,"column":55}},"4":{"start":{"line":5,"column":0},"end":{"line":5,"column":57}},"5":{"start":{"line":6,"column":0},"end":{"line":6,"column":10}},"6":{"start":{"line":7,"column":0},"end":{"line":7,"column":36}},"7":{"start":{"line":8,"column":0},"end":{"line":8,"column":35}},"9":{"start":{"line":10,"column":0},"end":{"line":10,"column":37}},"10":{"start":{"line":11,"column":0},"end":{"line":11,"column":27}},"11":{"start":{"line":12,"column":0},"end":{"line":12,"column":44}},"12":{"start":{"line":13,"column":0},"end":{"line":13,"column":40}},"13":{"start":{"line":14,"column":0},"end":{"line":14,"column":7}},"14":{"start":{"line":15,"column":0},"end":{"line":15,"column":7}},"15":{"start":{"line":16,"column":0},"end":{"line":16,"column":4}},"17":{"start":{"line":18,"column":0},"end":{"line":18,"column":24}},"18":{"start":{"line":19,"column":0},"end":{"line":19,"column":21}},"19":{"start":{"line":20,"column":0},"end":{"line":20,"column":1}}},"s":{"2":1,"3":3,"4":3,"5":3,"6":3,"7":3,"9":3,"10":3,"11":48,"12":36,"13":36,"14":3,"15":3,"17":3,"18":3,"19":3},"branchMap":{"0":{"type":"branch","line":3,"loc":{"start":{"line":3,"column":7},"end":{"line":20,"column":1}},"locations":[{"start":{"line":3,"column":7},"end":{"line":20,"column":1}}]},"1":{"type":"branch","line":10,"loc":{"start":{"line":10,"column":30},"end":{"line":16,"column":4}},"locations":[{"start":{"line":10,"column":30},"end":{"line":16,"column":4}}]},"2":{"type":"branch","line":11,"loc":{"start":{"line":11,"column":17},"end":{"line":15,"column":5}},"locations":[{"start":{"line":11,"column":17},"end":{"line":15,"column":5}}]},"3":{"type":"branch","line":12,"loc":{"start":{"line":12,"column":43},"end":{"line":14,"column":7}},"locations":[{"start":{"line":12,"column":43},"end":{"line":14,"column":7}}]}},"b":{"0":[3],"1":[3],"2":[48],"3":[36]},"fnMap":{"0":{"name":"getKeysToPrint","decl":{"start":{"line":3,"column":7},"end":{"line":20,"column":1}},"loc":{"start":{"line":3,"column":7},"end":{"line":20,"column":1}},"line":3},"1":{"name":"checkForStringValue","decl":{"start":{"line":10,"column":30},"end":{"line":16,"column":4}},"loc":{"start":{"line":10,"column":30},"end":{"line":16,"column":4}},"line":10}},"f":{"0":3,"1":3}}
,"D:\\vs-code\\rsschool\\rsschool-react\\src\\shared\\utils\\scrollToTop\\scrollToTop.ts": {"path":"D:\\vs-code\\rsschool\\rsschool-react\\src\\shared\\utils\\scrollToTop\\scrollToTop.ts","all":false,"statementMap":{"0":{"start":{"line":1,"column":0},"end":{"line":1,"column":34}},"1":{"start":{"line":2,"column":0},"end":{"line":2,"column":59}},"2":{"start":{"line":3,"column":0},"end":{"line":3,"column":2}}},"s":{"0":1,"1":1,"2":1},"branchMap":{"0":{"type":"branch","line":1,"loc":{"start":{"line":1,"column":27},"end":{"line":3,"column":2}},"locations":[{"start":{"line":1,"column":27},"end":{"line":3,"column":2}}]}},"b":{"0":[1]},"fnMap":{"0":{"name":"scrollToTop","decl":{"start":{"line":1,"column":27},"end":{"line":3,"column":2}},"loc":{"start":{"line":1,"column":27},"end":{"line":3,"column":2}},"line":1}},"f":{"0":1}}
,"D:\\vs-code\\rsschool\\rsschool-react\\src\\tests\\renderWithProviders.tsx": {"path":"D:\\vs-code\\rsschool\\rsschool-react\\src\\tests\\renderWithProviders.tsx","all":false,"statementMap":{"0":{"start":{"line":1,"column":0},"end":{"line":1,"column":63}},"2":{"start":{"line":3,"column":0},"end":{"line":3,"column":39}},"3":{"start":{"line":4,"column":0},"end":{"line":4,"column":49}},"7":{"start":{"line":8,"column":0},"end":{"line":8,"column":26}},"9":{"start":{"line":10,"column":0},"end":{"line":10,"column":76}},"10":{"start":{"line":11,"column":0},"end":{"line":11,"column":79}},"18":{"start":{"line":19,"column":0},"end":{"line":19,"column":29}},"19":{"start":{"line":20,"column":0},"end":{"line":20,"column":19}},"20":{"start":{"line":21,"column":0},"end":{"line":21,"column":3}},"21":{"start":{"line":22,"column":0},"end":{"line":22,"column":17}},"22":{"start":{"line":23,"column":0},"end":{"line":23,"column":28}},"23":{"start":{"line":24,"column":0},"end":{"line":24,"column":27}},"24":{"start":{"line":25,"column":0},"end":{"line":25,"column":35}},"25":{"start":{"line":26,"column":0},"end":{"line":26,"column":7}},"26":{"start":{"line":27,"column":0},"end":{"line":27,"column":20}},"27":{"start":{"line":28,"column":0},"end":{"line":28,"column":31}},"28":{"start":{"line":29,"column":0},"end":{"line":29,"column":6}},"29":{"start":{"line":30,"column":0},"end":{"line":30,"column":16}},"30":{"start":{"line":31,"column":0},"end":{"line":31,"column":28}},"31":{"start":{"line":32,"column":0},"end":{"line":32,"column":21}},"32":{"start":{"line":33,"column":0},"end":{"line":33,"column":43}},"33":{"start":{"line":34,"column":0},"end":{"line":34,"column":22}},"34":{"start":{"line":35,"column":0},"end":{"line":35,"column":16}},"35":{"start":{"line":36,"column":0},"end":{"line":36,"column":17}},"36":{"start":{"line":37,"column":0},"end":{"line":37,"column":4}},"37":{"start":{"line":38,"column":0},"end":{"line":38,"column":2}},"39":{"start":{"line":40,"column":0},"end":{"line":40,"column":35}}},"s":{"0":1,"2":1,"3":1,"7":1,"9":1,"10":1,"18":1,"19":11,"20":11,"21":11,"22":11,"23":11,"24":11,"25":11,"26":11,"27":11,"28":11,"29":11,"30":11,"31":11,"32":11,"33":11,"34":11,"35":11,"36":11,"37":11,"39":1},"branchMap":{"0":{"type":"branch","line":19,"loc":{"start":{"line":19,"column":28},"end":{"line":38,"column":2}},"locations":[{"start":{"line":19,"column":28},"end":{"line":38,"column":2}}]}},"b":{"0":[11]},"fnMap":{"0":{"name":"renderWithProviders","decl":{"start":{"line":19,"column":28},"end":{"line":38,"column":2}},"loc":{"start":{"line":19,"column":28},"end":{"line":38,"column":2}},"line":19}},"f":{"0":11}}
,"D:\\vs-code\\rsschool\\rsschool-react\\src\\tests\\sum.ts": {"path":"D:\\vs-code\\rsschool\\rsschool-react\\src\\tests\\sum.ts","all":false,"statementMap":{"0":{"start":{"line":1,"column":0},"end":{"line":1,"column":54}},"1":{"start":{"line":2,"column":0},"end":{"line":2,"column":15}},"2":{"start":{"line":3,"column":0},"end":{"line":3,"column":2}}},"s":{"0":1,"1":2,"2":2},"branchMap":{"0":{"type":"branch","line":1,"loc":{"start":{"line":1,"column":19},"end":{"line":3,"column":2}},"locations":[{"start":{"line":1,"column":19},"end":{"line":3,"column":2}}]}},"b":{"0":[2]},"fnMap":{"0":{"name":"sum","decl":{"start":{"line":1,"column":19},"end":{"line":3,"column":2}},"loc":{"start":{"line":1,"column":19},"end":{"line":3,"column":2}},"line":1}},"f":{"0":2}}
,"D:\\vs-code\\rsschool\\rsschool-react\\src\\tests\\mocks\\mock.ts": {"path":"D:\\vs-code\\rsschool\\rsschool-react\\src\\tests\\mocks\\mock.ts","all":false,"statementMap":{"2":{"start":{"line":3,"column":0},"end":{"line":3,"column":52}},"3":{"start":{"line":4,"column":0},"end":{"line":4,"column":16}},"4":{"start":{"line":5,"column":0},"end":{"line":5,"column":16}},"5":{"start":{"line":6,"column":0},"end":{"line":6,"column":13}},"6":{"start":{"line":7,"column":0},"end":{"line":7,"column":20}},"7":{"start":{"line":8,"column":0},"end":{"line":8,"column":21}},"8":{"start":{"line":9,"column":0},"end":{"line":9,"column":22}},"9":{"start":{"line":10,"column":0},"end":{"line":10,"column":23}},"10":{"start":{"line":11,"column":0},"end":{"line":11,"column":16}},"11":{"start":{"line":12,"column":0},"end":{"line":12,"column":48}},"12":{"start":{"line":13,"column":0},"end":{"line":13,"column":10}},"13":{"start":{"line":14,"column":0},"end":{"line":14,"column":37}},"14":{"start":{"line":15,"column":0},"end":{"line":15,"column":37}},"15":{"start":{"line":16,"column":0},"end":{"line":16,"column":37}},"16":{"start":{"line":17,"column":0},"end":{"line":17,"column":37}},"17":{"start":{"line":18,"column":0},"end":{"line":18,"column":37}},"18":{"start":{"line":19,"column":0},"end":{"line":19,"column":37}},"19":{"start":{"line":20,"column":0},"end":{"line":20,"column":4}},"20":{"start":{"line":21,"column":0},"end":{"line":21,"column":48}},"21":{"start":{"line":22,"column":0},"end":{"line":22,"column":15}},"22":{"start":{"line":23,"column":0},"end":{"line":23,"column":16}},"23":{"start":{"line":24,"column":0},"end":{"line":24,"column":41}},"24":{"start":{"line":25,"column":0},"end":{"line":25,"column":40}},"25":{"start":{"line":26,"column":0},"end":{"line":26,"column":41}},"26":{"start":{"line":27,"column":0},"end":{"line":27,"column":2}},"28":{"start":{"line":29,"column":0},"end":{"line":29,"column":58}},"29":{"start":{"line":30,"column":0},"end":{"line":30,"column":3}},"30":{"start":{"line":31,"column":0},"end":{"line":31,"column":27}},"31":{"start":{"line":32,"column":0},"end":{"line":32,"column":18}},"32":{"start":{"line":33,"column":0},"end":{"line":33,"column":15}},"33":{"start":{"line":34,"column":0},"end":{"line":34,"column":24}},"34":{"start":{"line":35,"column":0},"end":{"line":35,"column":23}},"35":{"start":{"line":36,"column":0},"end":{"line":36,"column":22}},"36":{"start":{"line":37,"column":0},"end":{"line":37,"column":24}},"37":{"start":{"line":38,"column":0},"end":{"line":38,"column":19}},"38":{"start":{"line":39,"column":0},"end":{"line":39,"column":50}},"39":{"start":{"line":40,"column":0},"end":{"line":40,"column":12}},"40":{"start":{"line":41,"column":0},"end":{"line":41,"column":39}},"41":{"start":{"line":42,"column":0},"end":{"line":42,"column":39}},"42":{"start":{"line":43,"column":0},"end":{"line":43,"column":39}},"43":{"start":{"line":44,"column":0},"end":{"line":44,"column":39}},"44":{"start":{"line":45,"column":0},"end":{"line":45,"column":6}},"45":{"start":{"line":46,"column":0},"end":{"line":46,"column":16}},"46":{"start":{"line":47,"column":0},"end":{"line":47,"column":15}},"47":{"start":{"line":48,"column":0},"end":{"line":48,"column":43}},"48":{"start":{"line":49,"column":0},"end":{"line":49,"column":43}},"49":{"start":{"line":50,"column":0},"end":{"line":50,"column":6}},"50":{"start":{"line":51,"column":0},"end":{"line":51,"column":16}},"51":{"start":{"line":52,"column":0},"end":{"line":52,"column":44}},"52":{"start":{"line":53,"column":0},"end":{"line":53,"column":44}},"53":{"start":{"line":54,"column":0},"end":{"line":54,"column":6}},"54":{"start":{"line":55,"column":0},"end":{"line":55,"column":43}},"55":{"start":{"line":56,"column":0},"end":{"line":56,"column":42}},"56":{"start":{"line":57,"column":0},"end":{"line":57,"column":43}},"57":{"start":{"line":58,"column":0},"end":{"line":58,"column":4}},"58":{"start":{"line":59,"column":0},"end":{"line":59,"column":3}},"59":{"start":{"line":60,"column":0},"end":{"line":60,"column":18}},"60":{"start":{"line":61,"column":0},"end":{"line":61,"column":18}},"61":{"start":{"line":62,"column":0},"end":{"line":62,"column":15}},"62":{"start":{"line":63,"column":0},"end":{"line":63,"column":22}},"63":{"start":{"line":64,"column":0},"end":{"line":64,"column":23}},"64":{"start":{"line":65,"column":0},"end":{"line":65,"column":24}},"65":{"start":{"line":66,"column":0},"end":{"line":66,"column":25}},"66":{"start":{"line":67,"column":0},"end":{"line":67,"column":18}},"67":{"start":{"line":68,"column":0},"end":{"line":68,"column":50}},"68":{"start":{"line":69,"column":0},"end":{"line":69,"column":12}},"69":{"start":{"line":70,"column":0},"end":{"line":70,"column":39}},"70":{"start":{"line":71,"column":0},"end":{"line":71,"column":39}},"71":{"start":{"line":72,"column":0},"end":{"line":72,"column":39}},"72":{"start":{"line":73,"column":0},"end":{"line":73,"column":39}},"73":{"start":{"line":74,"column":0},"end":{"line":74,"column":39}},"74":{"start":{"line":75,"column":0},"end":{"line":75,"column":39}},"75":{"start":{"line":76,"column":0},"end":{"line":76,"column":6}},"76":{"start":{"line":77,"column":0},"end":{"line":77,"column":50}},"77":{"start":{"line":78,"column":0},"end":{"line":78,"column":17}},"78":{"start":{"line":79,"column":0},"end":{"line":79,"column":18}},"79":{"start":{"line":80,"column":0},"end":{"line":80,"column":43}},"80":{"start":{"line":81,"column":0},"end":{"line":81,"column":42}},"81":{"start":{"line":82,"column":0},"end":{"line":82,"column":43}},"82":{"start":{"line":83,"column":0},"end":{"line":83,"column":4}},"83":{"start":{"line":84,"column":0},"end":{"line":84,"column":3}},"84":{"start":{"line":85,"column":0},"end":{"line":85,"column":18}},"85":{"start":{"line":86,"column":0},"end":{"line":86,"column":17}},"86":{"start":{"line":87,"column":0},"end":{"line":87,"column":15}},"87":{"start":{"line":88,"column":0},"end":{"line":88,"column":22}},"88":{"start":{"line":89,"column":0},"end":{"line":89,"column":30}},"89":{"start":{"line":90,"column":0},"end":{"line":90,"column":21}},"90":{"start":{"line":91,"column":0},"end":{"line":91,"column":24}},"91":{"start":{"line":92,"column":0},"end":{"line":92,"column":18}},"92":{"start":{"line":93,"column":0},"end":{"line":93,"column":50}},"93":{"start":{"line":94,"column":0},"end":{"line":94,"column":12}},"94":{"start":{"line":95,"column":0},"end":{"line":95,"column":39}},"95":{"start":{"line":96,"column":0},"end":{"line":96,"column":39}},"96":{"start":{"line":97,"column":0},"end":{"line":97,"column":39}},"97":{"start":{"line":98,"column":0},"end":{"line":98,"column":39}},"98":{"start":{"line":99,"column":0},"end":{"line":99,"column":39}},"99":{"start":{"line":100,"column":0},"end":{"line":100,"column":39}},"100":{"start":{"line":101,"column":0},"end":{"line":101,"column":6}},"101":{"start":{"line":102,"column":0},"end":{"line":102,"column":50}},"102":{"start":{"line":103,"column":0},"end":{"line":103,"column":17}},"103":{"start":{"line":104,"column":0},"end":{"line":104,"column":18}},"104":{"start":{"line":105,"column":0},"end":{"line":105,"column":43}},"105":{"start":{"line":106,"column":0},"end":{"line":106,"column":42}},"106":{"start":{"line":107,"column":0},"end":{"line":107,"column":43}},"107":{"start":{"line":108,"column":0},"end":{"line":108,"column":4}},"108":{"start":{"line":109,"column":0},"end":{"line":109,"column":3}},"109":{"start":{"line":110,"column":0},"end":{"line":110,"column":24}},"110":{"start":{"line":111,"column":0},"end":{"line":111,"column":18}},"111":{"start":{"line":112,"column":0},"end":{"line":112,"column":16}},"112":{"start":{"line":113,"column":0},"end":{"line":113,"column":23}},"113":{"start":{"line":114,"column":0},"end":{"line":114,"column":24}},"114":{"start":{"line":115,"column":0},"end":{"line":115,"column":24}},"115":{"start":{"line":116,"column":0},"end":{"line":116,"column":26}},"116":{"start":{"line":117,"column":0},"end":{"line":117,"column":19}},"117":{"start":{"line":118,"column":0},"end":{"line":118,"column":50}},"118":{"start":{"line":119,"column":0},"end":{"line":119,"column":12}},"119":{"start":{"line":120,"column":0},"end":{"line":120,"column":39}},"120":{"start":{"line":121,"column":0},"end":{"line":121,"column":39}},"121":{"start":{"line":122,"column":0},"end":{"line":122,"column":39}},"122":{"start":{"line":123,"column":0},"end":{"line":123,"column":39}},"123":{"start":{"line":124,"column":0},"end":{"line":124,"column":6}},"124":{"start":{"line":125,"column":0},"end":{"line":125,"column":16}},"125":{"start":{"line":126,"column":0},"end":{"line":126,"column":17}},"126":{"start":{"line":127,"column":0},"end":{"line":127,"column":55}},"127":{"start":{"line":128,"column":0},"end":{"line":128,"column":43}},"128":{"start":{"line":129,"column":0},"end":{"line":129,"column":42}},"129":{"start":{"line":130,"column":0},"end":{"line":130,"column":43}},"130":{"start":{"line":131,"column":0},"end":{"line":131,"column":4}},"131":{"start":{"line":132,"column":0},"end":{"line":132,"column":2}}},"s":{"2":1,"3":1,"4":1,"5":1,"6":1,"7":1,"8":1,"9":1,"10":1,"11":1,"12":1,"13":1,"14":1,"15":1,"16":1,"17":1,"18":1,"19":1,"20":1,"21":1,"22":1,"23":1,"24":1,"25":1,"26":1,"28":1,"29":1,"30":1,"31":1,"32":1,"33":1,"34":1,"35":1,"36":1,"37":1,"38":1,"39":1,"40":1,"41":1,"42":1,"43":1,"44":1,"45":1,"46":1,"47":1,"48":1,"49":1,"50":1,"51":1,"52":1,"53":1,"54":1,"55":1,"56":1,"57":1,"58":1,"59":1,"60":1,"61":1,"62":1,"63":1,"64":1,"65":1,"66":1,"67":1,"68":1,"69":1,"70":1,"71":1,"72":1,"73":1,"74":1,"75":1,"76":1,"77":1,"78":1,"79":1,"80":1,"81":1,"82":1,"83":1,"84":1,"85":1,"86":1,"87":1,"88":1,"89":1,"90":1,"91":1,"92":1,"93":1,"94":1,"95":1,"96":1,"97":1,"98":1,"99":1,"100":1,"101":1,"102":1,"103":1,"104":1,"105":1,"106":1,"107":1,"108":1,"109":1,"110":1,"111":1,"112":1,"113":1,"114":1,"115":1,"116":1,"117":1,"118":1,"119":1,"120":1,"121":1,"122":1,"123":1,"124":1,"125":1,"126":1,"127":1,"128":1,"129":1,"130":1,"131":1},"branchMap":{},"b":{},"fnMap":{},"f":{}}
,"D:\\vs-code\\rsschool\\rsschool-react\\src\\types\\types.ts": {"path":"D:\\vs-code\\rsschool\\rsschool-react\\src\\types\\types.ts","all":false,"statementMap":{"106":{"start":{"line":107,"column":0},"end":{"line":107,"column":27}},"107":{"start":{"line":108,"column":0},"end":{"line":108,"column":16}},"108":{"start":{"line":109,"column":0},"end":{"line":109,"column":18}}},"s":{"106":1,"107":1,"108":1},"branchMap":{"0":{"type":"branch","line":107,"loc":{"start":{"line":107,"column":7},"end":{"line":107,"column":27}},"locations":[{"start":{"line":107,"column":7},"end":{"line":107,"column":27}}]}},"b":{"0":[5]},"fnMap":{},"f":{}}
}
